2026-05-04 10:53:21 | INFO | __main__:main:18 | Framework startup
2026-05-04 10:53:36 | INFO | __main__:main:21 | Login started
2026-05-04 10:54:08 | ERROR | __main__:main:30 | MVP1 framework validation failed
Traceback (most recent call last):
  File "C:\Users\DeepakRaj\OneDrive - PiOne Technologies LLP\Documents\2026_auto_test\main.py", line 22, in main
    login(page, USERNAME, PASSWORD)
  File "C:\Users\DeepakRaj\OneDrive - PiOne Technologies LLP\Documents\2026_auto_test\automation_framework\crawler\login_handler.py", line 17, in login
    page.locator(username_selector).fill(username)
  File "C:\Users\DeepakRaj\AppData\Local\Programs\Python\Python311\Lib\site-packages\playwright\sync_api\_generated.py", line 16154, in fill
    self._sync(
  File "C:\Users\DeepakRaj\AppData\Local\Programs\Python\Python311\Lib\site-packages\playwright\_impl\_sync_base.py", line 115, in _sync
    return task.result()
  File "C:\Users\DeepakRaj\AppData\Local\Programs\Python\Python311\Lib\site-packages\playwright\_impl\_locator.py", line 211, in fill
    return await self._frame.fill(self._selector, strict=True, **params)
  File "C:\Users\DeepakRaj\AppData\Local\Programs\Python\Python311\Lib\site-packages\playwright\_impl\_frame.py", line 523, in fill
    await self._channel.send("fill", locals_to_params(locals()))
  File "C:\Users\DeepakRaj\AppData\Local\Programs\Python\Python311\Lib\site-packages\playwright\_impl\_connection.py", line 62, in send
    return await self._connection.wrap_api_call(
  File "C:\Users\DeepakRaj\AppData\Local\Programs\Python\Python311\Lib\site-packages\playwright\_impl\_connection.py", line 492, in wrap_api_call
    return await cb()
  File "C:\Users\DeepakRaj\AppData\Local\Programs\Python\Python311\Lib\site-packages\playwright\_impl\_connection.py", line 100, in inner_send
    result = next(iter(done)).result()
playwright._impl._errors.TimeoutError: Timeout 30000ms exceeded.
2026-05-04 10:54:08 | INFO | __main__:main:34 | Browser shutdown
2026-05-04 11:33:25 | INFO | __main__:main:18 | Framework startup
2026-05-04 11:33:26 | INFO | __main__:main:21 | Login started
2026-05-04 11:33:32 | ERROR | __main__:main:30 | MVP1 framework validation failed
Traceback (most recent call last):
  File "C:\Users\DeepakRaj\OneDrive - PiOne Technologies LLP\Documents\2026_auto_test\main.py", line 22, in main
    login(page, USERNAME, PASSWORD)
  File "C:\Users\DeepakRaj\OneDrive - PiOne Technologies LLP\Documents\2026_auto_test\automation_framework\crawler\login_handler.py", line 13, in login
    expect(page.get_by_text("Live Events", exact=True)).to_be_visible()
  File "C:\Users\DeepakRaj\AppData\Local\Programs\Python\Python311\Lib\site-packages\playwright\sync_api\_generated.py", line 20808, in to_be_visible
    self._sync(self._impl_obj.to_be_visible(visible=visible, timeout=timeout))
  File "C:\Users\DeepakRaj\AppData\Local\Programs\Python\Python311\Lib\site-packages\playwright\_impl\_sync_base.py", line 115, in _sync
    return task.result()
  File "C:\Users\DeepakRaj\AppData\Local\Programs\Python\Python311\Lib\site-packages\playwright\_impl\_assertions.py", line 642, in to_be_visible
    await self._expect_impl(
  File "C:\Users\DeepakRaj\AppData\Local\Programs\Python\Python311\Lib\site-packages\playwright\_impl\_assertions.py", line 68, in _expect_impl
    raise AssertionError(
AssertionError: Locator expected to be visible
Actual value: None 
Call log:
LocatorAssertions.to_be_visible with timeout 5000ms
  - waiting for get_by_text("Live Events", exact=True)

2026-05-04 11:33:32 | INFO | __main__:main:34 | Browser shutdown
2026-05-04 12:18:12 | INFO | __main__:main:18 | Framework startup
2026-05-04 12:18:31 | ERROR | __main__:main:30 | MVP1 framework validation failed
Traceback (most recent call last):
  File "C:\Users\DeepakRaj\OneDrive - PiOne Technologies LLP\Documents\2026_auto_test\main.py", line 19, in main
    playwright, browser, page = start_browser()
  File "C:\Users\DeepakRaj\OneDrive - PiOne Technologies LLP\Documents\2026_auto_test\automation_framework\utils\browser_manager.py", line 8, in start_browser
    browser = playwright.chromium.launch(headless=HEADLESS)
  File "C:\Users\DeepakRaj\OneDrive - PiOne Technologies LLP\Documents\2026_auto_test\venv\Lib\site-packages\playwright\sync_api\_generated.py", line 15118, in launch
    self._sync(
  File "C:\Users\DeepakRaj\OneDrive - PiOne Technologies LLP\Documents\2026_auto_test\venv\Lib\site-packages\playwright\_impl\_sync_base.py", line 115, in _sync
    return task.result()
  File "C:\Users\DeepakRaj\OneDrive - PiOne Technologies LLP\Documents\2026_auto_test\venv\Lib\site-packages\playwright\_impl\_browser_type.py", line 98, in launch
    await self._channel.send(
  File "C:\Users\DeepakRaj\OneDrive - PiOne Technologies LLP\Documents\2026_auto_test\venv\Lib\site-packages\playwright\_impl\_connection.py", line 69, in send
    return await self._connection.wrap_api_call(
  File "C:\Users\DeepakRaj\OneDrive - PiOne Technologies LLP\Documents\2026_auto_test\venv\Lib\site-packages\playwright\_impl\_connection.py", line 559, in wrap_api_call
    raise rewrite_error(error, f"{parsed_st['apiName']}: {error}") from None
playwright._impl._errors.Error: BrowserType.launch: Executable doesn't exist at C:\Users\DeepakRaj\AppData\Local\ms-playwright\chromium-1217\chrome-win64\chrome.exe
╔════════════════════════════════════════════════════════════╗
║ Looks like Playwright was just installed or updated.       ║
║ Please run the following command to download new browsers: ║
║                                                            ║
║     playwright install                                     ║
║                                                            ║
║ <3 Playwright Team                                         ║
╚════════════════════════════════════════════════════════════╝
2026-05-04 12:29:59 | INFO | __main__:main:18 | Framework startup
2026-05-04 12:30:00 | INFO | __main__:main:21 | Login started
2026-05-04 12:30:07 | ERROR | __main__:main:30 | MVP1 framework validation failed
Traceback (most recent call last):
  File "C:\Users\DeepakRaj\OneDrive - PiOne Technologies LLP\Documents\2026_auto_test\main.py", line 22, in main
    login(page, USERNAME, PASSWORD)
  File "C:\Users\DeepakRaj\OneDrive - PiOne Technologies LLP\Documents\2026_auto_test\automation_framework\crawler\login_handler.py", line 13, in login
    expect(page.get_by_text("Live Events", exact=True)).to_be_visible()
  File "C:\Users\DeepakRaj\OneDrive - PiOne Technologies LLP\Documents\2026_auto_test\venv\Lib\site-packages\playwright\sync_api\_generated.py", line 21119, in to_be_visible
    self._sync(self._impl_obj.to_be_visible(visible=visible, timeout=timeout))
  File "C:\Users\DeepakRaj\OneDrive - PiOne Technologies LLP\Documents\2026_auto_test\venv\Lib\site-packages\playwright\_impl\_sync_base.py", line 115, in _sync
    return task.result()
  File "C:\Users\DeepakRaj\OneDrive - PiOne Technologies LLP\Documents\2026_auto_test\venv\Lib\site-packages\playwright\_impl\_assertions.py", line 765, in to_be_visible
    await self._expect_impl(
  File "C:\Users\DeepakRaj\OneDrive - PiOne Technologies LLP\Documents\2026_auto_test\venv\Lib\site-packages\playwright\_impl\_assertions.py", line 85, in _expect_impl
    raise AssertionError(
AssertionError: Locator expected to be visible
Actual value: None
Error: element(s) not found 
Call log:
  - Expect "to_be_visible" with timeout 5000ms
  - waiting for get_by_text("Live Events", exact=True)

2026-05-04 12:30:07 | INFO | __main__:main:34 | Browser shutdown
2026-05-04 12:47:41 | INFO | __main__:main:18 | Framework startup
2026-05-04 12:47:44 | INFO | __main__:main:21 | Login started
2026-05-04 12:47:50 | ERROR | __main__:main:30 | MVP1 framework validation failed
Traceback (most recent call last):
  File "C:\Users\DeepakRaj\OneDrive - PiOne Technologies LLP\Documents\2026_auto_test\main.py", line 22, in main
    login(page, USERNAME, PASSWORD)
  File "C:\Users\DeepakRaj\OneDrive - PiOne Technologies LLP\Documents\2026_auto_test\automation_framework\crawler\login_handler.py", line 13, in login
    expect(page.get_by_text("Live Events", exact=True)).to_be_visible()
  File "C:\Users\DeepakRaj\OneDrive - PiOne Technologies LLP\Documents\2026_auto_test\venv\Lib\site-packages\playwright\sync_api\_generated.py", line 21119, in to_be_visible
    self._sync(self._impl_obj.to_be_visible(visible=visible, timeout=timeout))
  File "C:\Users\DeepakRaj\OneDrive - PiOne Technologies LLP\Documents\2026_auto_test\venv\Lib\site-packages\playwright\_impl\_sync_base.py", line 115, in _sync
    return task.result()
  File "C:\Users\DeepakRaj\OneDrive - PiOne Technologies LLP\Documents\2026_auto_test\venv\Lib\site-packages\playwright\_impl\_assertions.py", line 765, in to_be_visible
    await self._expect_impl(
  File "C:\Users\DeepakRaj\OneDrive - PiOne Technologies LLP\Documents\2026_auto_test\venv\Lib\site-packages\playwright\_impl\_assertions.py", line 85, in _expect_impl
    raise AssertionError(
AssertionError: Locator expected to be visible
Actual value: None
Error: element(s) not found 
Call log:
  - Expect "to_be_visible" with timeout 5000ms
  - waiting for get_by_text("Live Events", exact=True)

2026-05-04 12:47:50 | INFO | __main__:main:34 | Browser shutdown
2026-05-04 12:52:59 | INFO | __main__:main:23 | Framework startup
2026-05-04 12:52:59 | INFO | __main__:main:26 | Login started
2026-05-04 12:53:06 | ERROR | __main__:main:35 | MVP1 framework validation failed
Traceback (most recent call last):
  File "C:\Users\DeepakRaj\OneDrive - PiOne Technologies LLP\Documents\2026_auto_test\main.py", line 27, in main
    login(page, username, password)
  File "C:\Users\DeepakRaj\OneDrive - PiOne Technologies LLP\Documents\2026_auto_test\automation_framework\crawler\login_handler.py", line 13, in login
    expect(page.get_by_text("Live Events", exact=True)).to_be_visible()
  File "C:\Users\DeepakRaj\OneDrive - PiOne Technologies LLP\Documents\2026_auto_test\venv\Lib\site-packages\playwright\sync_api\_generated.py", line 21119, in to_be_visible
    self._sync(self._impl_obj.to_be_visible(visible=visible, timeout=timeout))
  File "C:\Users\DeepakRaj\OneDrive - PiOne Technologies LLP\Documents\2026_auto_test\venv\Lib\site-packages\playwright\_impl\_sync_base.py", line 115, in _sync
    return task.result()
  File "C:\Users\DeepakRaj\OneDrive - PiOne Technologies LLP\Documents\2026_auto_test\venv\Lib\site-packages\playwright\_impl\_assertions.py", line 765, in to_be_visible
    await self._expect_impl(
  File "C:\Users\DeepakRaj\OneDrive - PiOne Technologies LLP\Documents\2026_auto_test\venv\Lib\site-packages\playwright\_impl\_assertions.py", line 85, in _expect_impl
    raise AssertionError(
AssertionError: Locator expected to be visible
Actual value: None
Error: element(s) not found 
Call log:
  - Expect "to_be_visible" with timeout 5000ms
  - waiting for get_by_text("Live Events", exact=True)

2026-05-04 12:53:06 | INFO | __main__:main:39 | Browser shutdown
2026-05-04 12:53:59 | INFO | __main__:main:23 | Framework startup
2026-05-04 12:53:59 | INFO | __main__:main:26 | Login started
2026-05-04 12:54:06 | ERROR | __main__:main:35 | MVP1 framework validation failed
Traceback (most recent call last):
  File "C:\Users\DeepakRaj\OneDrive - PiOne Technologies LLP\Documents\2026_auto_test\main.py", line 27, in main
    login(page, username, password)
  File "C:\Users\DeepakRaj\OneDrive - PiOne Technologies LLP\Documents\2026_auto_test\automation_framework\crawler\login_handler.py", line 13, in login
    expect(page.get_by_text("Live Events", exact=True)).to_be_visible()
  File "C:\Users\DeepakRaj\OneDrive - PiOne Technologies LLP\Documents\2026_auto_test\venv\Lib\site-packages\playwright\sync_api\_generated.py", line 21119, in to_be_visible
    self._sync(self._impl_obj.to_be_visible(visible=visible, timeout=timeout))
  File "C:\Users\DeepakRaj\OneDrive - PiOne Technologies LLP\Documents\2026_auto_test\venv\Lib\site-packages\playwright\_impl\_sync_base.py", line 115, in _sync
    return task.result()
  File "C:\Users\DeepakRaj\OneDrive - PiOne Technologies LLP\Documents\2026_auto_test\venv\Lib\site-packages\playwright\_impl\_assertions.py", line 765, in to_be_visible
    await self._expect_impl(
  File "C:\Users\DeepakRaj\OneDrive - PiOne Technologies LLP\Documents\2026_auto_test\venv\Lib\site-packages\playwright\_impl\_assertions.py", line 85, in _expect_impl
    raise AssertionError(
AssertionError: Locator expected to be visible
Actual value: None
Error: element(s) not found 
Call log:
  - Expect "to_be_visible" with timeout 5000ms
  - waiting for get_by_text("Live Events", exact=True)

2026-05-04 12:54:06 | INFO | __main__:main:39 | Browser shutdown
2026-05-04 12:55:00 | INFO | __main__:main:23 | Framework startup
2026-05-04 12:55:01 | INFO | __main__:main:26 | Login started
2026-05-04 12:55:07 | ERROR | __main__:main:35 | MVP1 framework validation failed
Traceback (most recent call last):
  File "C:\Users\DeepakRaj\OneDrive - PiOne Technologies LLP\Documents\2026_auto_test\main.py", line 27, in main
    login(page, username, password)
  File "C:\Users\DeepakRaj\OneDrive - PiOne Technologies LLP\Documents\2026_auto_test\automation_framework\crawler\login_handler.py", line 13, in login
    expect(page.get_by_text("Live Events", exact=True)).to_be_visible()
  File "C:\Users\DeepakRaj\OneDrive - PiOne Technologies LLP\Documents\2026_auto_test\venv\Lib\site-packages\playwright\sync_api\_generated.py", line 21119, in to_be_visible
    self._sync(self._impl_obj.to_be_visible(visible=visible, timeout=timeout))
  File "C:\Users\DeepakRaj\OneDrive - PiOne Technologies LLP\Documents\2026_auto_test\venv\Lib\site-packages\playwright\_impl\_sync_base.py", line 115, in _sync
    return task.result()
  File "C:\Users\DeepakRaj\OneDrive - PiOne Technologies LLP\Documents\2026_auto_test\venv\Lib\site-packages\playwright\_impl\_assertions.py", line 765, in to_be_visible
    await self._expect_impl(
  File "C:\Users\DeepakRaj\OneDrive - PiOne Technologies LLP\Documents\2026_auto_test\venv\Lib\site-packages\playwright\_impl\_assertions.py", line 85, in _expect_impl
    raise AssertionError(
AssertionError: Locator expected to be visible
Actual value: None
Error: element(s) not found 
Call log:
  - Expect "to_be_visible" with timeout 5000ms
  - waiting for get_by_text("Live Events", exact=True)

2026-05-04 12:55:07 | INFO | __main__:main:39 | Browser shutdown
2026-05-04 12:57:21 | INFO | __main__:main:23 | Framework startup
2026-05-04 12:57:22 | INFO | __main__:main:26 | Login started
2026-05-04 12:57:30 | ERROR | __main__:main:35 | MVP1 framework validation failed
Traceback (most recent call last):
  File "C:\Users\DeepakRaj\OneDrive - PiOne Technologies LLP\Documents\2026_auto_test\main.py", line 27, in main
    login(page, username, password)
  File "C:\Users\DeepakRaj\OneDrive - PiOne Technologies LLP\Documents\2026_auto_test\automation_framework\crawler\login_handler.py", line 13, in login
    expect(page.get_by_text("Live Events", exact=True)).to_be_visible()
  File "C:\Users\DeepakRaj\OneDrive - PiOne Technologies LLP\Documents\2026_auto_test\venv\Lib\site-packages\playwright\sync_api\_generated.py", line 21119, in to_be_visible
    self._sync(self._impl_obj.to_be_visible(visible=visible, timeout=timeout))
  File "C:\Users\DeepakRaj\OneDrive - PiOne Technologies LLP\Documents\2026_auto_test\venv\Lib\site-packages\playwright\_impl\_sync_base.py", line 115, in _sync
    return task.result()
  File "C:\Users\DeepakRaj\OneDrive - PiOne Technologies LLP\Documents\2026_auto_test\venv\Lib\site-packages\playwright\_impl\_assertions.py", line 765, in to_be_visible
    await self._expect_impl(
  File "C:\Users\DeepakRaj\OneDrive - PiOne Technologies LLP\Documents\2026_auto_test\venv\Lib\site-packages\playwright\_impl\_assertions.py", line 85, in _expect_impl
    raise AssertionError(
AssertionError: Locator expected to be visible
Actual value: hidden 
Call log:
  - Expect "to_be_visible" with timeout 5000ms
  - waiting for get_by_text("Live Events", exact=True)
    4 × locator resolved to <span _ngcontent-ng-c357611300="" class="text-sm transition-all duration-500 truncate text-blue-600 font-semibold opacity-0 w-0 overflow-hidden"> Live Events </span>
      - unexpected value "hidden"

2026-05-04 12:57:30 | INFO | __main__:main:39 | Browser shutdown
2026-05-04 14:11:37 | INFO | __main__:main:23 | Framework startup
2026-05-04 14:11:38 | INFO | __main__:main:26 | Login started
2026-05-04 14:11:44 | ERROR | __main__:main:35 | MVP1 framework validation failed
Traceback (most recent call last):
  File "C:\Users\DeepakRaj\OneDrive - PiOne Technologies LLP\Documents\2026_auto_test\main.py", line 27, in main
    login(page, username, password)
  File "C:\Users\DeepakRaj\OneDrive - PiOne Technologies LLP\Documents\2026_auto_test\automation_framework\crawler\login_handler.py", line 13, in login
    expect(page.get_by_text("Live Events", exact=True)).to_be_visible()
  File "C:\Users\DeepakRaj\OneDrive - PiOne Technologies LLP\Documents\2026_auto_test\venv\Lib\site-packages\playwright\sync_api\_generated.py", line 21119, in to_be_visible
    self._sync(self._impl_obj.to_be_visible(visible=visible, timeout=timeout))
  File "C:\Users\DeepakRaj\OneDrive - PiOne Technologies LLP\Documents\2026_auto_test\venv\Lib\site-packages\playwright\_impl\_sync_base.py", line 115, in _sync
    return task.result()
  File "C:\Users\DeepakRaj\OneDrive - PiOne Technologies LLP\Documents\2026_auto_test\venv\Lib\site-packages\playwright\_impl\_assertions.py", line 765, in to_be_visible
    await self._expect_impl(
  File "C:\Users\DeepakRaj\OneDrive - PiOne Technologies LLP\Documents\2026_auto_test\venv\Lib\site-packages\playwright\_impl\_assertions.py", line 85, in _expect_impl
    raise AssertionError(
AssertionError: Locator expected to be visible
Actual value: hidden 
Call log:
  - Expect "to_be_visible" with timeout 5000ms
  - waiting for get_by_text("Live Events", exact=True)
    5 × locator resolved to <span _ngcontent-ng-c357611300="" class="text-sm transition-all duration-500 truncate text-blue-600 font-semibold opacity-0 w-0 overflow-hidden"> Live Events </span>
      - unexpected value "hidden"

2026-05-04 14:11:44 | INFO | __main__:main:39 | Browser shutdown
2026-05-04 14:13:43 | INFO | __main__:main:23 | Framework startup
2026-05-04 14:13:44 | INFO | __main__:main:26 | Login started
2026-05-04 14:13:46 | INFO | __main__:main:28 | Login successful
2026-05-04 14:13:46 | INFO | __main__:main:30 | Current URL after login: https://catsentinel.rpiinfo.com/live-events
2026-05-04 14:13:56 | INFO | __main__:main:39 | Browser shutdown
2026-05-04 17:49:49 | INFO | __main__:main:27 | Framework startup
2026-05-04 17:49:50 | INFO | __main__:main:30 | Login started
2026-05-04 17:49:52 | INFO | __main__:main:32 | Login successful
2026-05-04 17:49:52 | INFO | __main__:main:34 | Current URL after login: https://catsentinel.rpiinfo.com/live-events
2026-05-04 17:49:52 | INFO | __main__:main:38 | Expanding navigation if needed
2026-05-04 17:49:52 | INFO | automation_framework.crawler.navigation_expander:ensure_navigation_expanded:25 | Sidebar navigation not detected
2026-05-04 17:49:52 | INFO | __main__:main:41 | Detecting visible menu items
2026-05-04 17:49:53 | INFO | __main__:main:44 | Crawler execution started
2026-05-04 17:49:53 | INFO | automation_framework.crawler.crawler_engine:crawl:38 | Crawling route: https://catsentinel.rpiinfo.com/live-events
2026-05-04 17:49:56 | INFO | automation_framework.crawler.crawler_engine:crawl:38 | Crawling route: https://catsentinel.rpiinfo.com/action-queue-module
2026-05-04 17:49:58 | INFO | automation_framework.crawler.crawler_engine:crawl:38 | Crawling route: https://catsentinel.rpiinfo.com/alert-event-monitor
2026-05-04 17:49:59 | INFO | automation_framework.crawler.crawler_engine:crawl:38 | Crawling route: https://catsentinel.rpiinfo.com/cat-history
2026-05-04 17:50:00 | INFO | automation_framework.crawler.crawler_engine:crawl:38 | Crawling route: https://catsentinel.rpiinfo.com/command-center
2026-05-04 17:50:01 | INFO | automation_framework.crawler.crawler_engine:crawl:38 | Crawling route: https://catsentinel.rpiinfo.com/event-book
2026-05-04 17:50:02 | INFO | automation_framework.crawler.crawler_engine:crawl:38 | Crawling route: https://catsentinel.rpiinfo.com/geo-spatial
2026-05-04 17:50:03 | INFO | automation_framework.crawler.crawler_engine:crawl:38 | Crawling route: https://catsentinel.rpiinfo.com/knowledge-base
2026-05-04 17:50:04 | INFO | automation_framework.crawler.crawler_engine:crawl:38 | Crawling route: https://catsentinel.rpiinfo.com/micro-sites
2026-05-04 17:50:08 | INFO | automation_framework.crawler.crawler_engine:crawl:38 | Crawling route: https://catsentinel.rpiinfo.com/policyholder-risk
2026-05-04 17:50:09 | INFO | automation_framework.crawler.crawler_engine:crawl:38 | Crawling route: https://catsentinel.rpiinfo.com/prompt-master
2026-05-04 17:50:10 | INFO | automation_framework.crawler.crawler_engine:crawl:38 | Crawling route: https://catsentinel.rpiinfo.com/risk-insights
2026-05-04 17:50:12 | INFO | automation_framework.crawler.crawler_engine:crawl:38 | Crawling route: https://catsentinel.rpiinfo.com/risk-map
2026-05-04 17:50:13 | INFO | automation_framework.crawler.crawler_engine:crawl:38 | Crawling route: https://catsentinel.rpiinfo.com/template/checklist
2026-05-04 17:50:14 | INFO | automation_framework.crawler.crawler_engine:crawl:38 | Crawling route: https://catsentinel.rpiinfo.com/forgot-password
2026-05-04 17:50:15 | INFO | automation_framework.crawler.crawler_engine:crawl:38 | Crawling route: https://catsentinel.rpiinfo.com/register
2026-05-04 17:50:16 | INFO | automation_framework.crawler.crawler_engine:crawl:38 | Crawling route: https://catsentinel.rpiinfo.com/login
2026-05-04 17:50:17 | INFO | automation_framework.crawler.crawl_exporter:export_crawl_results:28 | Crawl results exported to C:\Users\DeepakRaj\OneDrive - PiOne Technologies LLP\Documents\2026_auto_test\automation_framework\reports\crawl_results.json and C:\Users\DeepakRaj\OneDrive - PiOne Technologies LLP\Documents\2026_auto_test\automation_framework\reports\crawl_results.yaml
2026-05-04 17:50:17 | INFO | __main__:main:61 | Crawler execution completed
2026-05-04 17:50:17 | INFO | __main__:main:77 | Browser shutdown
2026-05-05 10:41:38 | INFO | __main__:main:27 | Framework startup
2026-05-05 10:41:54 | INFO | __main__:main:30 | Login started
2026-05-05 10:41:57 | INFO | __main__:main:32 | Login successful
2026-05-05 10:41:57 | INFO | __main__:main:34 | Current URL after login: https://catsentinel.rpiinfo.com/live-events
2026-05-05 10:41:57 | INFO | __main__:main:38 | Expanding navigation if needed
2026-05-05 10:41:57 | INFO | automation_framework.crawler.navigation_expander:ensure_navigation_expanded:25 | Sidebar navigation not detected
2026-05-05 10:41:57 | INFO | __main__:main:41 | Detecting visible menu items
2026-05-05 10:41:57 | INFO | __main__:main:44 | Crawler execution started
2026-05-05 10:41:57 | INFO | automation_framework.crawler.crawler_engine:crawl:40 | Crawling route: https://catsentinel.rpiinfo.com/live-events
2026-05-05 10:42:04 | WARNING | automation_framework.crawler.crawler_engine:_navigate:71 | Network idle timeout while loading route: https://catsentinel.rpiinfo.com/live-events
2026-05-05 10:42:04 | INFO | automation_framework.crawler.page_scanner:scan_page_components:30 | Scanning visible UI components on page: https://catsentinel.rpiinfo.com/live-events
2026-05-05 10:42:09 | INFO | automation_framework.crawler.crawler_engine:crawl:40 | Crawling route: https://catsentinel.rpiinfo.com/action-queue-module
2026-05-05 10:42:11 | INFO | automation_framework.crawler.page_scanner:scan_page_components:30 | Scanning visible UI components on page: https://catsentinel.rpiinfo.com/action-queue-module
2026-05-05 10:42:12 | INFO | automation_framework.crawler.crawler_engine:crawl:40 | Crawling route: https://catsentinel.rpiinfo.com/alert-event-monitor
2026-05-05 10:42:14 | INFO | automation_framework.crawler.page_scanner:scan_page_components:30 | Scanning visible UI components on page: https://catsentinel.rpiinfo.com/login
2026-05-05 10:42:14 | INFO | automation_framework.crawler.crawler_engine:crawl:40 | Crawling route: https://catsentinel.rpiinfo.com/cat-history
2026-05-05 10:42:15 | INFO | automation_framework.crawler.page_scanner:scan_page_components:30 | Scanning visible UI components on page: https://catsentinel.rpiinfo.com/cat-history
2026-05-05 10:42:17 | INFO | automation_framework.crawler.crawler_engine:crawl:40 | Crawling route: https://catsentinel.rpiinfo.com/command-center
2026-05-05 10:42:18 | INFO | automation_framework.crawler.page_scanner:scan_page_components:30 | Scanning visible UI components on page: https://catsentinel.rpiinfo.com/command-center
2026-05-05 10:42:19 | INFO | automation_framework.crawler.crawler_engine:crawl:40 | Crawling route: https://catsentinel.rpiinfo.com/event-book
2026-05-05 10:42:21 | INFO | automation_framework.crawler.page_scanner:scan_page_components:30 | Scanning visible UI components on page: https://catsentinel.rpiinfo.com/event-book
2026-05-05 10:42:23 | INFO | automation_framework.crawler.crawler_engine:crawl:40 | Crawling route: https://catsentinel.rpiinfo.com/geo-spatial
2026-05-05 10:42:24 | INFO | automation_framework.crawler.page_scanner:scan_page_components:30 | Scanning visible UI components on page: https://catsentinel.rpiinfo.com/geo-spatial
2026-05-05 10:42:25 | INFO | automation_framework.crawler.crawler_engine:crawl:40 | Crawling route: https://catsentinel.rpiinfo.com/knowledge-base
2026-05-05 10:42:26 | INFO | automation_framework.crawler.page_scanner:scan_page_components:30 | Scanning visible UI components on page: https://catsentinel.rpiinfo.com/
2026-05-05 10:42:27 | INFO | automation_framework.crawler.crawler_engine:crawl:40 | Crawling route: https://catsentinel.rpiinfo.com/micro-sites
2026-05-05 10:42:28 | INFO | automation_framework.crawler.page_scanner:scan_page_components:30 | Scanning visible UI components on page: https://catsentinel.rpiinfo.com/micro-sites
2026-05-05 10:42:28 | INFO | automation_framework.crawler.crawler_engine:crawl:40 | Crawling route: https://catsentinel.rpiinfo.com/policyholder-risk
2026-05-05 10:42:29 | INFO | automation_framework.crawler.page_scanner:scan_page_components:30 | Scanning visible UI components on page: https://catsentinel.rpiinfo.com/policyholder-risk
2026-05-05 10:42:30 | INFO | automation_framework.crawler.crawler_engine:crawl:40 | Crawling route: https://catsentinel.rpiinfo.com/prompt-master
2026-05-05 10:42:31 | INFO | automation_framework.crawler.page_scanner:scan_page_components:30 | Scanning visible UI components on page: https://catsentinel.rpiinfo.com/prompt-master
2026-05-05 10:42:32 | INFO | automation_framework.crawler.crawler_engine:crawl:40 | Crawling route: https://catsentinel.rpiinfo.com/risk-insights
2026-05-05 10:42:34 | INFO | automation_framework.crawler.page_scanner:scan_page_components:30 | Scanning visible UI components on page: https://catsentinel.rpiinfo.com/risk-insights
2026-05-05 10:42:34 | INFO | automation_framework.crawler.crawler_engine:crawl:40 | Crawling route: https://catsentinel.rpiinfo.com/risk-map
2026-05-05 10:42:35 | INFO | automation_framework.crawler.page_scanner:scan_page_components:30 | Scanning visible UI components on page: https://catsentinel.rpiinfo.com/risk-map
2026-05-05 10:42:36 | INFO | automation_framework.crawler.crawler_engine:crawl:40 | Crawling route: https://catsentinel.rpiinfo.com/template/checklist
2026-05-05 10:42:37 | INFO | automation_framework.crawler.page_scanner:scan_page_components:30 | Scanning visible UI components on page: https://catsentinel.rpiinfo.com/template/checklist
2026-05-05 10:42:38 | INFO | automation_framework.crawler.crawler_engine:crawl:40 | Crawling route: https://catsentinel.rpiinfo.com/forgot-password
2026-05-05 10:42:39 | INFO | automation_framework.crawler.page_scanner:scan_page_components:30 | Scanning visible UI components on page: https://catsentinel.rpiinfo.com/forgot-password
2026-05-05 10:42:39 | INFO | automation_framework.crawler.crawler_engine:crawl:40 | Crawling route: https://catsentinel.rpiinfo.com/register
2026-05-05 10:42:40 | INFO | automation_framework.crawler.page_scanner:scan_page_components:30 | Scanning visible UI components on page: https://catsentinel.rpiinfo.com/register
2026-05-05 10:42:40 | INFO | automation_framework.crawler.crawler_engine:crawl:40 | Crawling route: https://catsentinel.rpiinfo.com/login
2026-05-05 10:42:41 | INFO | automation_framework.crawler.page_scanner:scan_page_components:30 | Scanning visible UI components on page: https://catsentinel.rpiinfo.com/login
2026-05-05 10:42:41 | INFO | automation_framework.crawler.crawl_exporter:export_crawl_results:29 | Crawl results exported to C:\Users\DeepakRaj\OneDrive - PiOne Technologies LLP\Documents\2026_auto_test\automation_framework\reports\crawl_results.json and C:\Users\DeepakRaj\OneDrive - PiOne Technologies LLP\Documents\2026_auto_test\automation_framework\reports\crawl_results.yaml
2026-05-05 10:42:41 | INFO | __main__:main:66 | Crawler execution completed
2026-05-05 10:42:41 | INFO | __main__:main:83 | Browser shutdown
2026-05-05 11:17:35 | INFO | __main__:main:27 | Framework startup
2026-05-05 11:17:36 | INFO | __main__:main:30 | Login started
2026-05-05 11:17:44 | ERROR | __main__:main:80 | Framework execution failed
Traceback (most recent call last):
  File "C:\Users\DeepakRaj\OneDrive - PiOne Technologies LLP\Documents\2026_auto_test\main.py", line 31, in main
    login(page, username, password)
  File "C:\Users\DeepakRaj\OneDrive - PiOne Technologies LLP\Documents\2026_auto_test\automation_framework\crawler\login_handler.py", line 14, in login
    expect(page).not_to_have_url(login_page_url)
  File "C:\Users\DeepakRaj\OneDrive - PiOne Technologies LLP\Documents\2026_auto_test\venv\Lib\site-packages\playwright\sync_api\_generated.py", line 19812, in not_to_have_url
    self._sync(
  File "C:\Users\DeepakRaj\OneDrive - PiOne Technologies LLP\Documents\2026_auto_test\venv\Lib\site-packages\playwright\_impl\_sync_base.py", line 115, in _sync
    return task.result()
  File "C:\Users\DeepakRaj\OneDrive - PiOne Technologies LLP\Documents\2026_auto_test\venv\Lib\site-packages\playwright\_impl\_assertions.py", line 162, in not_to_have_url
    await self._not.to_have_url(urlOrRegExp, timeout, ignoreCase)
  File "C:\Users\DeepakRaj\OneDrive - PiOne Technologies LLP\Documents\2026_auto_test\venv\Lib\site-packages\playwright\_impl\_assertions.py", line 147, in to_have_url
    await self._expect_impl(
  File "C:\Users\DeepakRaj\OneDrive - PiOne Technologies LLP\Documents\2026_auto_test\venv\Lib\site-packages\playwright\_impl\_assertions.py", line 85, in _expect_impl
    raise AssertionError(
AssertionError: Page URL expected not to be 'https://catsentinel.rpiinfo.com/login'
Actual value: https://catsentinel.rpiinfo.com/login 
Call log:
  - Expect "to_have_url" with timeout 5000ms
    9 × unexpected value "https://catsentinel.rpiinfo.com/login"

2026-05-05 11:17:44 | INFO | __main__:main:84 | Browser shutdown
2026-05-05 11:17:58 | INFO | __main__:main:27 | Framework startup
2026-05-05 11:17:58 | INFO | __main__:main:30 | Login started
2026-05-05 11:18:01 | INFO | __main__:main:32 | Login successful
2026-05-05 11:18:01 | INFO | __main__:main:34 | Current URL after login: https://catsentinel.rpiinfo.com/live-events
2026-05-05 11:18:01 | INFO | __main__:main:38 | Expanding navigation if needed
2026-05-05 11:18:01 | INFO | automation_framework.crawler.navigation_expander:ensure_navigation_expanded:25 | Sidebar navigation not detected
2026-05-05 11:18:01 | INFO | __main__:main:41 | Detecting visible menu items
2026-05-05 11:18:01 | INFO | __main__:main:44 | Crawler execution started
2026-05-05 11:18:01 | INFO | automation_framework.crawler.crawler_engine:crawl:40 | Crawling route: https://catsentinel.rpiinfo.com/live-events
2026-05-05 11:18:04 | INFO | automation_framework.crawler.page_scanner:scan_page_components:31 | Scanning visible UI topology on page: https://catsentinel.rpiinfo.com/live-events
2026-05-05 11:18:04 | INFO | automation_framework.crawler.section_detector:detect_sections:88 | Detecting logical page sections on page: https://catsentinel.rpiinfo.com/live-events
2026-05-05 11:18:05 | INFO | automation_framework.crawler.section_detector:detect_sections:133 | Detected 7 logical page sections
2026-05-05 11:18:09 | INFO | automation_framework.crawler.crawler_engine:crawl:40 | Crawling route: https://catsentinel.rpiinfo.com/action-queue-module
2026-05-05 11:18:11 | INFO | automation_framework.crawler.page_scanner:scan_page_components:31 | Scanning visible UI topology on page: https://catsentinel.rpiinfo.com/action-queue-module
2026-05-05 11:18:11 | INFO | automation_framework.crawler.section_detector:detect_sections:88 | Detecting logical page sections on page: https://catsentinel.rpiinfo.com/action-queue-module
2026-05-05 11:18:11 | INFO | automation_framework.crawler.section_detector:detect_sections:133 | Detected 1 logical page sections
2026-05-05 11:18:12 | INFO | automation_framework.crawler.crawler_engine:crawl:40 | Crawling route: https://catsentinel.rpiinfo.com/alert-event-monitor
2026-05-05 11:18:13 | INFO | automation_framework.crawler.page_scanner:scan_page_components:31 | Scanning visible UI topology on page: https://catsentinel.rpiinfo.com/login
2026-05-05 11:18:13 | INFO | automation_framework.crawler.section_detector:detect_sections:88 | Detecting logical page sections on page: https://catsentinel.rpiinfo.com/login
2026-05-05 11:18:13 | INFO | automation_framework.crawler.section_detector:detect_sections:133 | Detected 1 logical page sections
2026-05-05 11:18:13 | INFO | automation_framework.crawler.crawler_engine:crawl:40 | Crawling route: https://catsentinel.rpiinfo.com/cat-history
2026-05-05 11:18:14 | INFO | automation_framework.crawler.page_scanner:scan_page_components:31 | Scanning visible UI topology on page: https://catsentinel.rpiinfo.com/cat-history
2026-05-05 11:18:14 | INFO | automation_framework.crawler.section_detector:detect_sections:88 | Detecting logical page sections on page: https://catsentinel.rpiinfo.com/cat-history
2026-05-05 11:18:14 | INFO | automation_framework.crawler.section_detector:detect_sections:133 | Detected 1 logical page sections
2026-05-05 11:18:14 | INFO | automation_framework.crawler.crawler_engine:crawl:40 | Crawling route: https://catsentinel.rpiinfo.com/command-center
2026-05-05 11:18:15 | INFO | automation_framework.crawler.page_scanner:scan_page_components:31 | Scanning visible UI topology on page: https://catsentinel.rpiinfo.com/command-center
2026-05-05 11:18:15 | INFO | automation_framework.crawler.section_detector:detect_sections:88 | Detecting logical page sections on page: https://catsentinel.rpiinfo.com/command-center
2026-05-05 11:18:15 | INFO | automation_framework.crawler.section_detector:detect_sections:133 | Detected 1 logical page sections
2026-05-05 11:18:16 | INFO | automation_framework.crawler.crawler_engine:crawl:40 | Crawling route: https://catsentinel.rpiinfo.com/event-book
2026-05-05 11:18:17 | INFO | automation_framework.crawler.page_scanner:scan_page_components:31 | Scanning visible UI topology on page: https://catsentinel.rpiinfo.com/event-book
2026-05-05 11:18:17 | INFO | automation_framework.crawler.section_detector:detect_sections:88 | Detecting logical page sections on page: https://catsentinel.rpiinfo.com/event-book
2026-05-05 11:18:17 | INFO | automation_framework.crawler.section_detector:detect_sections:133 | Detected 3 logical page sections
2026-05-05 11:18:18 | INFO | automation_framework.crawler.crawler_engine:crawl:40 | Crawling route: https://catsentinel.rpiinfo.com/geo-spatial
2026-05-05 11:18:19 | INFO | automation_framework.crawler.page_scanner:scan_page_components:31 | Scanning visible UI topology on page: https://catsentinel.rpiinfo.com/geo-spatial
2026-05-05 11:18:19 | INFO | automation_framework.crawler.section_detector:detect_sections:88 | Detecting logical page sections on page: https://catsentinel.rpiinfo.com/geo-spatial
2026-05-05 11:18:20 | INFO | automation_framework.crawler.section_detector:detect_sections:133 | Detected 4 logical page sections
2026-05-05 11:18:20 | INFO | automation_framework.crawler.crawler_engine:crawl:40 | Crawling route: https://catsentinel.rpiinfo.com/knowledge-base
2026-05-05 11:18:21 | INFO | automation_framework.crawler.page_scanner:scan_page_components:31 | Scanning visible UI topology on page: https://catsentinel.rpiinfo.com/
2026-05-05 11:18:21 | INFO | automation_framework.crawler.section_detector:detect_sections:88 | Detecting logical page sections on page: https://catsentinel.rpiinfo.com/
2026-05-05 11:18:21 | INFO | automation_framework.crawler.section_detector:detect_sections:133 | Detected 0 logical page sections
2026-05-05 11:18:21 | INFO | automation_framework.crawler.crawler_engine:crawl:40 | Crawling route: https://catsentinel.rpiinfo.com/micro-sites
2026-05-05 11:18:22 | INFO | automation_framework.crawler.page_scanner:scan_page_components:31 | Scanning visible UI topology on page: https://catsentinel.rpiinfo.com/micro-sites
2026-05-05 11:18:22 | INFO | automation_framework.crawler.section_detector:detect_sections:88 | Detecting logical page sections on page: https://catsentinel.rpiinfo.com/micro-sites
2026-05-05 11:18:22 | INFO | automation_framework.crawler.section_detector:detect_sections:133 | Detected 1 logical page sections
2026-05-05 11:18:23 | INFO | automation_framework.crawler.crawler_engine:crawl:40 | Crawling route: https://catsentinel.rpiinfo.com/policyholder-risk
2026-05-05 11:18:23 | INFO | automation_framework.crawler.page_scanner:scan_page_components:31 | Scanning visible UI topology on page: https://catsentinel.rpiinfo.com/policyholder-risk
2026-05-05 11:18:23 | INFO | automation_framework.crawler.section_detector:detect_sections:88 | Detecting logical page sections on page: https://catsentinel.rpiinfo.com/policyholder-risk
2026-05-05 11:18:23 | INFO | automation_framework.crawler.section_detector:detect_sections:133 | Detected 1 logical page sections
2026-05-05 11:18:24 | INFO | automation_framework.crawler.crawler_engine:crawl:40 | Crawling route: https://catsentinel.rpiinfo.com/prompt-master
2026-05-05 11:18:25 | INFO | automation_framework.crawler.page_scanner:scan_page_components:31 | Scanning visible UI topology on page: https://catsentinel.rpiinfo.com/prompt-master
2026-05-05 11:18:25 | INFO | automation_framework.crawler.section_detector:detect_sections:88 | Detecting logical page sections on page: https://catsentinel.rpiinfo.com/prompt-master
2026-05-05 11:18:25 | INFO | automation_framework.crawler.section_detector:detect_sections:133 | Detected 1 logical page sections
2026-05-05 11:18:25 | INFO | automation_framework.crawler.crawler_engine:crawl:40 | Crawling route: https://catsentinel.rpiinfo.com/risk-insights
2026-05-05 11:18:27 | INFO | automation_framework.crawler.page_scanner:scan_page_components:31 | Scanning visible UI topology on page: https://catsentinel.rpiinfo.com/risk-insights
2026-05-05 11:18:27 | INFO | automation_framework.crawler.section_detector:detect_sections:88 | Detecting logical page sections on page: https://catsentinel.rpiinfo.com/risk-insights
2026-05-05 11:18:27 | INFO | automation_framework.crawler.section_detector:detect_sections:133 | Detected 0 logical page sections
2026-05-05 11:18:27 | INFO | automation_framework.crawler.crawler_engine:crawl:40 | Crawling route: https://catsentinel.rpiinfo.com/risk-map
2026-05-05 11:18:28 | INFO | automation_framework.crawler.page_scanner:scan_page_components:31 | Scanning visible UI topology on page: https://catsentinel.rpiinfo.com/risk-map
2026-05-05 11:18:28 | INFO | automation_framework.crawler.section_detector:detect_sections:88 | Detecting logical page sections on page: https://catsentinel.rpiinfo.com/risk-map
2026-05-05 11:18:28 | INFO | automation_framework.crawler.section_detector:detect_sections:133 | Detected 1 logical page sections
2026-05-05 11:18:28 | INFO | automation_framework.crawler.crawler_engine:crawl:40 | Crawling route: https://catsentinel.rpiinfo.com/template/checklist
2026-05-05 11:18:29 | INFO | automation_framework.crawler.page_scanner:scan_page_components:31 | Scanning visible UI topology on page: https://catsentinel.rpiinfo.com/template/checklist
2026-05-05 11:18:29 | INFO | automation_framework.crawler.section_detector:detect_sections:88 | Detecting logical page sections on page: https://catsentinel.rpiinfo.com/template/checklist
2026-05-05 11:18:29 | INFO | automation_framework.crawler.section_detector:detect_sections:133 | Detected 1 logical page sections
2026-05-05 11:18:30 | INFO | automation_framework.crawler.crawler_engine:crawl:40 | Crawling route: https://catsentinel.rpiinfo.com/forgot-password
2026-05-05 11:18:30 | INFO | automation_framework.crawler.page_scanner:scan_page_components:31 | Scanning visible UI topology on page: https://catsentinel.rpiinfo.com/forgot-password
2026-05-05 11:18:30 | INFO | automation_framework.crawler.section_detector:detect_sections:88 | Detecting logical page sections on page: https://catsentinel.rpiinfo.com/forgot-password
2026-05-05 11:18:30 | INFO | automation_framework.crawler.section_detector:detect_sections:133 | Detected 1 logical page sections
2026-05-05 11:18:30 | INFO | automation_framework.crawler.crawler_engine:crawl:40 | Crawling route: https://catsentinel.rpiinfo.com/register
2026-05-05 11:18:31 | INFO | automation_framework.crawler.page_scanner:scan_page_components:31 | Scanning visible UI topology on page: https://catsentinel.rpiinfo.com/register
2026-05-05 11:18:31 | INFO | automation_framework.crawler.section_detector:detect_sections:88 | Detecting logical page sections on page: https://catsentinel.rpiinfo.com/register
2026-05-05 11:18:31 | INFO | automation_framework.crawler.section_detector:detect_sections:133 | Detected 1 logical page sections
2026-05-05 11:18:31 | INFO | automation_framework.crawler.crawler_engine:crawl:40 | Crawling route: https://catsentinel.rpiinfo.com/login
2026-05-05 11:18:32 | INFO | automation_framework.crawler.page_scanner:scan_page_components:31 | Scanning visible UI topology on page: https://catsentinel.rpiinfo.com/login
2026-05-05 11:18:32 | INFO | automation_framework.crawler.section_detector:detect_sections:88 | Detecting logical page sections on page: https://catsentinel.rpiinfo.com/login
2026-05-05 11:18:32 | INFO | automation_framework.crawler.section_detector:detect_sections:133 | Detected 1 logical page sections
2026-05-05 11:18:32 | INFO | automation_framework.crawler.crawl_exporter:export_crawl_results:29 | Crawl results exported to C:\Users\DeepakRaj\OneDrive - PiOne Technologies LLP\Documents\2026_auto_test\automation_framework\reports\crawl_results.json and C:\Users\DeepakRaj\OneDrive - PiOne Technologies LLP\Documents\2026_auto_test\automation_framework\reports\crawl_results.yaml
2026-05-05 11:18:32 | INFO | __main__:main:67 | Crawler execution completed
2026-05-05 11:18:32 | INFO | __main__:main:84 | Browser shutdown
2026-05-05 11:49:09 | INFO | __main__:main:27 | Framework startup
2026-05-05 11:49:10 | INFO | __main__:main:30 | Login started
2026-05-05 11:49:13 | INFO | __main__:main:32 | Login successful
2026-05-05 11:49:13 | INFO | __main__:main:34 | Current URL after login: https://catsentinel.rpiinfo.com/live-events
2026-05-05 11:49:13 | INFO | __main__:main:38 | Expanding navigation if needed
2026-05-05 11:49:13 | INFO | automation_framework.crawler.navigation_expander:ensure_navigation_expanded:25 | Sidebar navigation not detected
2026-05-05 11:49:13 | INFO | __main__:main:41 | Detecting visible menu items
2026-05-05 11:49:13 | INFO | __main__:main:44 | Crawler execution started
2026-05-05 11:49:13 | INFO | automation_framework.crawler.crawler_engine:crawl:40 | Crawling route: https://catsentinel.rpiinfo.com/live-events
2026-05-05 11:49:19 | INFO | automation_framework.crawler.page_scanner:scan_page_components:31 | Scanning visible UI topology on page: https://catsentinel.rpiinfo.com/live-events
2026-05-05 11:49:19 | INFO | automation_framework.crawler.section_detector:detect_sections:88 | Detecting logical page sections on page: https://catsentinel.rpiinfo.com/live-events
2026-05-05 11:49:20 | INFO | automation_framework.crawler.section_detector:detect_sections:133 | Detected 6 logical page sections
2026-05-05 11:49:25 | INFO | automation_framework.crawler.crawler_engine:crawl:40 | Crawling route: https://catsentinel.rpiinfo.com/action-queue-module
2026-05-05 11:49:27 | INFO | automation_framework.crawler.page_scanner:scan_page_components:31 | Scanning visible UI topology on page: https://catsentinel.rpiinfo.com/action-queue-module
2026-05-05 11:49:27 | INFO | automation_framework.crawler.section_detector:detect_sections:88 | Detecting logical page sections on page: https://catsentinel.rpiinfo.com/action-queue-module
2026-05-05 11:49:27 | INFO | automation_framework.crawler.section_detector:detect_sections:133 | Detected 1 logical page sections
2026-05-05 11:49:28 | INFO | automation_framework.crawler.crawler_engine:crawl:40 | Crawling route: https://catsentinel.rpiinfo.com/alert-event-monitor
2026-05-05 11:49:29 | INFO | automation_framework.crawler.page_scanner:scan_page_components:31 | Scanning visible UI topology on page: https://catsentinel.rpiinfo.com/login
2026-05-05 11:49:29 | INFO | automation_framework.crawler.section_detector:detect_sections:88 | Detecting logical page sections on page: https://catsentinel.rpiinfo.com/login
2026-05-05 11:49:29 | INFO | automation_framework.crawler.section_detector:detect_sections:133 | Detected 1 logical page sections
2026-05-05 11:49:29 | INFO | automation_framework.crawler.crawler_engine:crawl:40 | Crawling route: https://catsentinel.rpiinfo.com/cat-history
2026-05-05 11:49:30 | INFO | automation_framework.crawler.page_scanner:scan_page_components:31 | Scanning visible UI topology on page: https://catsentinel.rpiinfo.com/cat-history
2026-05-05 11:49:30 | INFO | automation_framework.crawler.section_detector:detect_sections:88 | Detecting logical page sections on page: https://catsentinel.rpiinfo.com/cat-history
2026-05-05 11:49:30 | INFO | automation_framework.crawler.section_detector:detect_sections:133 | Detected 1 logical page sections
2026-05-05 11:49:31 | INFO | automation_framework.crawler.crawler_engine:crawl:40 | Crawling route: https://catsentinel.rpiinfo.com/command-center
2026-05-05 11:49:32 | INFO | automation_framework.crawler.page_scanner:scan_page_components:31 | Scanning visible UI topology on page: https://catsentinel.rpiinfo.com/command-center
2026-05-05 11:49:32 | INFO | automation_framework.crawler.section_detector:detect_sections:88 | Detecting logical page sections on page: https://catsentinel.rpiinfo.com/command-center
2026-05-05 11:49:32 | INFO | automation_framework.crawler.section_detector:detect_sections:133 | Detected 1 logical page sections
2026-05-05 11:49:32 | INFO | automation_framework.crawler.crawler_engine:crawl:40 | Crawling route: https://catsentinel.rpiinfo.com/event-book
2026-05-05 11:49:33 | INFO | automation_framework.crawler.page_scanner:scan_page_components:31 | Scanning visible UI topology on page: https://catsentinel.rpiinfo.com/event-book
2026-05-05 11:49:33 | INFO | automation_framework.crawler.section_detector:detect_sections:88 | Detecting logical page sections on page: https://catsentinel.rpiinfo.com/event-book
2026-05-05 11:49:34 | INFO | automation_framework.crawler.section_detector:detect_sections:133 | Detected 3 logical page sections
2026-05-05 11:49:35 | INFO | automation_framework.crawler.crawler_engine:crawl:40 | Crawling route: https://catsentinel.rpiinfo.com/geo-spatial
2026-05-05 11:49:36 | INFO | automation_framework.crawler.page_scanner:scan_page_components:31 | Scanning visible UI topology on page: https://catsentinel.rpiinfo.com/geo-spatial
2026-05-05 11:49:36 | INFO | automation_framework.crawler.section_detector:detect_sections:88 | Detecting logical page sections on page: https://catsentinel.rpiinfo.com/geo-spatial
2026-05-05 11:49:36 | INFO | automation_framework.crawler.section_detector:detect_sections:133 | Detected 4 logical page sections
2026-05-05 11:49:37 | INFO | automation_framework.crawler.crawler_engine:crawl:40 | Crawling route: https://catsentinel.rpiinfo.com/knowledge-base
2026-05-05 11:49:38 | INFO | automation_framework.crawler.page_scanner:scan_page_components:31 | Scanning visible UI topology on page: https://catsentinel.rpiinfo.com/
2026-05-05 11:49:38 | INFO | automation_framework.crawler.section_detector:detect_sections:88 | Detecting logical page sections on page: https://catsentinel.rpiinfo.com/
2026-05-05 11:49:38 | INFO | automation_framework.crawler.section_detector:detect_sections:133 | Detected 0 logical page sections
2026-05-05 11:49:38 | INFO | automation_framework.crawler.crawler_engine:crawl:40 | Crawling route: https://catsentinel.rpiinfo.com/micro-sites
2026-05-05 11:49:39 | INFO | automation_framework.crawler.page_scanner:scan_page_components:31 | Scanning visible UI topology on page: https://catsentinel.rpiinfo.com/micro-sites
2026-05-05 11:49:39 | INFO | automation_framework.crawler.section_detector:detect_sections:88 | Detecting logical page sections on page: https://catsentinel.rpiinfo.com/micro-sites
2026-05-05 11:49:39 | INFO | automation_framework.crawler.section_detector:detect_sections:133 | Detected 1 logical page sections
2026-05-05 11:49:39 | INFO | automation_framework.crawler.crawler_engine:crawl:40 | Crawling route: https://catsentinel.rpiinfo.com/policyholder-risk
2026-05-05 11:49:40 | INFO | automation_framework.crawler.page_scanner:scan_page_components:31 | Scanning visible UI topology on page: https://catsentinel.rpiinfo.com/policyholder-risk
2026-05-05 11:49:40 | INFO | automation_framework.crawler.section_detector:detect_sections:88 | Detecting logical page sections on page: https://catsentinel.rpiinfo.com/policyholder-risk
2026-05-05 11:49:40 | INFO | automation_framework.crawler.section_detector:detect_sections:133 | Detected 1 logical page sections
2026-05-05 11:49:41 | INFO | automation_framework.crawler.crawler_engine:crawl:40 | Crawling route: https://catsentinel.rpiinfo.com/prompt-master
2026-05-05 11:49:42 | INFO | automation_framework.crawler.page_scanner:scan_page_components:31 | Scanning visible UI topology on page: https://catsentinel.rpiinfo.com/prompt-master
2026-05-05 11:49:42 | INFO | automation_framework.crawler.section_detector:detect_sections:88 | Detecting logical page sections on page: https://catsentinel.rpiinfo.com/prompt-master
2026-05-05 11:49:42 | INFO | automation_framework.crawler.section_detector:detect_sections:133 | Detected 1 logical page sections
2026-05-05 11:49:42 | INFO | automation_framework.crawler.crawler_engine:crawl:40 | Crawling route: https://catsentinel.rpiinfo.com/risk-insights
2026-05-05 11:49:44 | INFO | automation_framework.crawler.page_scanner:scan_page_components:31 | Scanning visible UI topology on page: https://catsentinel.rpiinfo.com/risk-insights
2026-05-05 11:49:44 | INFO | automation_framework.crawler.section_detector:detect_sections:88 | Detecting logical page sections on page: https://catsentinel.rpiinfo.com/risk-insights
2026-05-05 11:49:44 | INFO | automation_framework.crawler.section_detector:detect_sections:133 | Detected 0 logical page sections
2026-05-05 11:49:44 | INFO | automation_framework.crawler.crawler_engine:crawl:40 | Crawling route: https://catsentinel.rpiinfo.com/risk-map
2026-05-05 11:49:45 | INFO | automation_framework.crawler.page_scanner:scan_page_components:31 | Scanning visible UI topology on page: https://catsentinel.rpiinfo.com/risk-map
2026-05-05 11:49:45 | INFO | automation_framework.crawler.section_detector:detect_sections:88 | Detecting logical page sections on page: https://catsentinel.rpiinfo.com/risk-map
2026-05-05 11:49:45 | INFO | automation_framework.crawler.section_detector:detect_sections:133 | Detected 1 logical page sections
2026-05-05 11:49:45 | INFO | automation_framework.crawler.crawler_engine:crawl:40 | Crawling route: https://catsentinel.rpiinfo.com/template/checklist
2026-05-05 11:49:46 | INFO | automation_framework.crawler.page_scanner:scan_page_components:31 | Scanning visible UI topology on page: https://catsentinel.rpiinfo.com/template/checklist
2026-05-05 11:49:46 | INFO | automation_framework.crawler.section_detector:detect_sections:88 | Detecting logical page sections on page: https://catsentinel.rpiinfo.com/template/checklist
2026-05-05 11:49:46 | INFO | automation_framework.crawler.section_detector:detect_sections:133 | Detected 1 logical page sections
2026-05-05 11:49:46 | INFO | automation_framework.crawler.crawler_engine:crawl:40 | Crawling route: https://catsentinel.rpiinfo.com/forgot-password
2026-05-05 11:49:47 | INFO | automation_framework.crawler.page_scanner:scan_page_components:31 | Scanning visible UI topology on page: https://catsentinel.rpiinfo.com/forgot-password
2026-05-05 11:49:47 | INFO | automation_framework.crawler.section_detector:detect_sections:88 | Detecting logical page sections on page: https://catsentinel.rpiinfo.com/forgot-password
2026-05-05 11:49:47 | INFO | automation_framework.crawler.section_detector:detect_sections:133 | Detected 1 logical page sections
2026-05-05 11:49:47 | INFO | automation_framework.crawler.crawler_engine:crawl:40 | Crawling route: https://catsentinel.rpiinfo.com/register
2026-05-05 11:49:48 | INFO | automation_framework.crawler.page_scanner:scan_page_components:31 | Scanning visible UI topology on page: https://catsentinel.rpiinfo.com/register
2026-05-05 11:49:48 | INFO | automation_framework.crawler.section_detector:detect_sections:88 | Detecting logical page sections on page: https://catsentinel.rpiinfo.com/register
2026-05-05 11:49:48 | INFO | automation_framework.crawler.section_detector:detect_sections:133 | Detected 1 logical page sections
2026-05-05 11:49:48 | INFO | automation_framework.crawler.crawler_engine:crawl:40 | Crawling route: https://catsentinel.rpiinfo.com/login
2026-05-05 11:49:49 | INFO | automation_framework.crawler.page_scanner:scan_page_components:31 | Scanning visible UI topology on page: https://catsentinel.rpiinfo.com/login
2026-05-05 11:49:49 | INFO | automation_framework.crawler.section_detector:detect_sections:88 | Detecting logical page sections on page: https://catsentinel.rpiinfo.com/login
2026-05-05 11:49:49 | INFO | automation_framework.crawler.section_detector:detect_sections:133 | Detected 1 logical page sections
2026-05-05 11:49:49 | INFO | automation_framework.crawler.crawl_exporter:export_crawl_results:29 | Crawl results exported to C:\Users\DeepakRaj\OneDrive - PiOne Technologies LLP\Documents\2026_auto_test\automation_framework\reports\crawl_results.json and C:\Users\DeepakRaj\OneDrive - PiOne Technologies LLP\Documents\2026_auto_test\automation_framework\reports\crawl_results.yaml
2026-05-05 11:49:49 | INFO | __main__:main:67 | Crawler execution completed
2026-05-05 11:49:49 | INFO | __main__:main:84 | Browser shutdown
2026-05-05 12:28:25 | INFO | __main__:main:28 | Framework startup
2026-05-05 12:28:26 | INFO | __main__:main:31 | Login started
2026-05-05 12:28:29 | INFO | __main__:main:34 | Login successful
2026-05-05 12:28:29 | INFO | __main__:main:36 | Current URL after login: https://catsentinel.rpiinfo.com/live-events
2026-05-05 12:28:29 | INFO | __main__:main:40 | Expanding navigation if needed
2026-05-05 12:28:29 | INFO | automation_framework.crawler.navigation_expander:ensure_navigation_expanded:25 | Sidebar navigation not detected
2026-05-05 12:28:29 | INFO | __main__:main:43 | Crawler execution started
2026-05-05 12:28:29 | INFO | automation_framework.crawler.ui_wait_engine:wait_for_ui_stability:25 | Waiting for UI stability on page: https://catsentinel.rpiinfo.com/live-events
2026-05-05 12:28:32 | INFO | automation_framework.crawler.crawler_engine:crawl:65 | Exploring feature route: https://catsentinel.rpiinfo.com/live-events
2026-05-05 12:28:38 | WARNING | automation_framework.crawler.crawler_engine:_navigate:102 | Network idle timeout while loading route: https://catsentinel.rpiinfo.com/live-events
2026-05-05 12:28:38 | INFO | automation_framework.crawler.ui_wait_engine:wait_for_ui_stability:25 | Waiting for UI stability on page: https://catsentinel.rpiinfo.com/live-events
2026-05-05 12:28:48 | INFO | automation_framework.crawler.page_scanner:scan_page_components:31 | Scanning visible UI topology on page: https://catsentinel.rpiinfo.com/live-events
2026-05-05 12:28:48 | INFO | automation_framework.crawler.section_detector:detect_sections:102 | Detecting logical page sections on page: https://catsentinel.rpiinfo.com/live-events
2026-05-05 12:28:49 | INFO | automation_framework.crawler.section_detector:detect_sections:147 | Detected 9 logical page sections
2026-05-05 12:28:56 | INFO | automation_framework.crawler.crawler_engine:crawl:65 | Exploring feature route: https://catsentinel.rpiinfo.com/cat-history
2026-05-05 12:28:58 | INFO | automation_framework.crawler.ui_wait_engine:wait_for_ui_stability:25 | Waiting for UI stability on page: https://catsentinel.rpiinfo.com/cat-history
2026-05-05 12:28:58 | INFO | automation_framework.crawler.page_scanner:scan_page_components:31 | Scanning visible UI topology on page: https://catsentinel.rpiinfo.com/cat-history
2026-05-05 12:28:58 | INFO | automation_framework.crawler.section_detector:detect_sections:102 | Detecting logical page sections on page: https://catsentinel.rpiinfo.com/cat-history
2026-05-05 12:28:59 | INFO | automation_framework.crawler.section_detector:detect_sections:147 | Detected 1 logical page sections
2026-05-05 12:28:59 | INFO | automation_framework.crawler.crawler_engine:crawl:65 | Exploring feature route: https://catsentinel.rpiinfo.com/risk-map
2026-05-05 12:29:01 | INFO | automation_framework.crawler.ui_wait_engine:wait_for_ui_stability:25 | Waiting for UI stability on page: https://catsentinel.rpiinfo.com/risk-map
2026-05-05 12:29:02 | INFO | automation_framework.crawler.page_scanner:scan_page_components:31 | Scanning visible UI topology on page: https://catsentinel.rpiinfo.com/risk-map
2026-05-05 12:29:02 | INFO | automation_framework.crawler.section_detector:detect_sections:102 | Detecting logical page sections on page: https://catsentinel.rpiinfo.com/risk-map
2026-05-05 12:29:03 | INFO | automation_framework.crawler.section_detector:detect_sections:147 | Detected 3 logical page sections
2026-05-05 12:29:04 | INFO | automation_framework.crawler.crawler_engine:crawl:65 | Exploring feature route: https://catsentinel.rpiinfo.com/action-queue-module
2026-05-05 12:29:06 | INFO | automation_framework.crawler.ui_wait_engine:wait_for_ui_stability:25 | Waiting for UI stability on page: https://catsentinel.rpiinfo.com/action-queue-module
2026-05-05 12:29:16 | WARNING | automation_framework.crawler.ui_wait_engine:_wait_for_loaders_to_disappear:48 | Loader timeout during UI stabilization
2026-05-05 12:29:16 | INFO | automation_framework.crawler.page_scanner:scan_page_components:31 | Scanning visible UI topology on page: https://catsentinel.rpiinfo.com/action-queue-module
2026-05-05 12:29:16 | INFO | automation_framework.crawler.section_detector:detect_sections:102 | Detecting logical page sections on page: https://catsentinel.rpiinfo.com/action-queue-module
2026-05-05 12:29:17 | INFO | automation_framework.crawler.section_detector:detect_sections:147 | Detected 1 logical page sections
2026-05-05 12:29:17 | INFO | automation_framework.crawler.crawler_engine:crawl:65 | Exploring feature route: https://catsentinel.rpiinfo.com/micro-sites
2026-05-05 12:29:18 | INFO | automation_framework.crawler.ui_wait_engine:wait_for_ui_stability:25 | Waiting for UI stability on page: https://catsentinel.rpiinfo.com/micro-sites
2026-05-05 12:29:19 | INFO | automation_framework.crawler.page_scanner:scan_page_components:31 | Scanning visible UI topology on page: https://catsentinel.rpiinfo.com/micro-sites
2026-05-05 12:29:19 | INFO | automation_framework.crawler.section_detector:detect_sections:102 | Detecting logical page sections on page: https://catsentinel.rpiinfo.com/micro-sites
2026-05-05 12:29:19 | INFO | automation_framework.crawler.section_detector:detect_sections:147 | Detected 9 logical page sections
2026-05-05 12:29:23 | INFO | automation_framework.crawler.crawler_engine:crawl:65 | Exploring feature route: https://catsentinel.rpiinfo.com/event-book
2026-05-05 12:29:24 | INFO | automation_framework.crawler.ui_wait_engine:wait_for_ui_stability:25 | Waiting for UI stability on page: https://catsentinel.rpiinfo.com/event-book
2026-05-05 12:29:25 | INFO | automation_framework.crawler.page_scanner:scan_page_components:31 | Scanning visible UI topology on page: https://catsentinel.rpiinfo.com/event-book
2026-05-05 12:29:25 | INFO | automation_framework.crawler.section_detector:detect_sections:102 | Detecting logical page sections on page: https://catsentinel.rpiinfo.com/event-book
2026-05-05 12:29:25 | INFO | automation_framework.crawler.section_detector:detect_sections:147 | Detected 5 logical page sections
2026-05-05 12:29:26 | INFO | automation_framework.crawler.crawler_engine:crawl:65 | Exploring feature route: https://catsentinel.rpiinfo.com/knowledge-base
2026-05-05 12:29:27 | INFO | automation_framework.crawler.ui_wait_engine:wait_for_ui_stability:25 | Waiting for UI stability on page: https://catsentinel.rpiinfo.com/
2026-05-05 12:29:28 | INFO | automation_framework.crawler.page_scanner:scan_page_components:31 | Scanning visible UI topology on page: https://catsentinel.rpiinfo.com/
2026-05-05 12:29:28 | INFO | automation_framework.crawler.section_detector:detect_sections:102 | Detecting logical page sections on page: https://catsentinel.rpiinfo.com/
2026-05-05 12:29:28 | INFO | automation_framework.crawler.section_detector:detect_sections:147 | Detected 0 logical page sections
2026-05-05 12:29:28 | INFO | automation_framework.crawler.crawler_engine:crawl:65 | Exploring feature route: https://catsentinel.rpiinfo.com/policyholder-risk
2026-05-05 12:29:29 | INFO | automation_framework.crawler.ui_wait_engine:wait_for_ui_stability:25 | Waiting for UI stability on page: https://catsentinel.rpiinfo.com/policyholder-risk
2026-05-05 12:29:29 | INFO | automation_framework.crawler.page_scanner:scan_page_components:31 | Scanning visible UI topology on page: https://catsentinel.rpiinfo.com/policyholder-risk
2026-05-05 12:29:29 | INFO | automation_framework.crawler.section_detector:detect_sections:102 | Detecting logical page sections on page: https://catsentinel.rpiinfo.com/policyholder-risk
2026-05-05 12:29:30 | INFO | automation_framework.crawler.section_detector:detect_sections:147 | Detected 1 logical page sections
2026-05-05 12:29:30 | INFO | automation_framework.crawler.crawler_engine:crawl:65 | Exploring feature route: https://catsentinel.rpiinfo.com/geo-spatial
2026-05-05 12:29:31 | INFO | automation_framework.crawler.ui_wait_engine:wait_for_ui_stability:25 | Waiting for UI stability on page: https://catsentinel.rpiinfo.com/geo-spatial
2026-05-05 12:29:31 | INFO | automation_framework.crawler.page_scanner:scan_page_components:31 | Scanning visible UI topology on page: https://catsentinel.rpiinfo.com/geo-spatial
2026-05-05 12:29:31 | INFO | automation_framework.crawler.section_detector:detect_sections:102 | Detecting logical page sections on page: https://catsentinel.rpiinfo.com/geo-spatial
2026-05-05 12:29:31 | INFO | automation_framework.crawler.section_detector:detect_sections:147 | Detected 4 logical page sections
2026-05-05 12:29:32 | INFO | automation_framework.crawler.crawler_engine:crawl:65 | Exploring feature route: https://catsentinel.rpiinfo.com/alert-event-monitor
2026-05-05 12:29:33 | WARNING | automation_framework.crawler.crawler_engine:_ensure_authenticated:162 | Authentication session appears to be lost. Attempting login recovery.
2026-05-05 12:29:33 | INFO | automation_framework.crawler.ui_wait_engine:wait_for_ui_stability:25 | Waiting for UI stability on page: https://catsentinel.rpiinfo.com/live-events
2026-05-05 12:29:36 | INFO | automation_framework.crawler.page_scanner:scan_page_components:31 | Scanning visible UI topology on page: https://catsentinel.rpiinfo.com/live-events
2026-05-05 12:29:36 | INFO | automation_framework.crawler.section_detector:detect_sections:102 | Detecting logical page sections on page: https://catsentinel.rpiinfo.com/live-events
2026-05-05 12:29:36 | INFO | automation_framework.crawler.section_detector:detect_sections:147 | Detected 9 logical page sections
2026-05-05 12:29:41 | INFO | automation_framework.crawler.crawler_engine:crawl:65 | Exploring feature route: https://catsentinel.rpiinfo.com/prompt-master
2026-05-05 12:29:43 | INFO | automation_framework.crawler.ui_wait_engine:wait_for_ui_stability:25 | Waiting for UI stability on page: https://catsentinel.rpiinfo.com/prompt-master
2026-05-05 12:29:43 | INFO | automation_framework.crawler.page_scanner:scan_page_components:31 | Scanning visible UI topology on page: https://catsentinel.rpiinfo.com/prompt-master
2026-05-05 12:29:43 | INFO | automation_framework.crawler.section_detector:detect_sections:102 | Detecting logical page sections on page: https://catsentinel.rpiinfo.com/prompt-master
2026-05-05 12:29:43 | INFO | automation_framework.crawler.section_detector:detect_sections:147 | Detected 1 logical page sections
2026-05-05 12:29:43 | INFO | automation_framework.crawler.crawler_engine:crawl:65 | Exploring feature route: https://catsentinel.rpiinfo.com/template/checklist
2026-05-05 12:29:44 | INFO | automation_framework.crawler.ui_wait_engine:wait_for_ui_stability:25 | Waiting for UI stability on page: https://catsentinel.rpiinfo.com/template/checklist
2026-05-05 12:29:45 | INFO | automation_framework.crawler.page_scanner:scan_page_components:31 | Scanning visible UI topology on page: https://catsentinel.rpiinfo.com/template/checklist
2026-05-05 12:29:45 | INFO | automation_framework.crawler.section_detector:detect_sections:102 | Detecting logical page sections on page: https://catsentinel.rpiinfo.com/template/checklist
2026-05-05 12:29:45 | INFO | automation_framework.crawler.section_detector:detect_sections:147 | Detected 10 logical page sections
2026-05-05 12:29:47 | INFO | automation_framework.crawler.crawler_engine:crawl:65 | Exploring feature route: https://catsentinel.rpiinfo.com/risk-insights
2026-05-05 12:29:50 | INFO | automation_framework.crawler.ui_wait_engine:wait_for_ui_stability:25 | Waiting for UI stability on page: https://catsentinel.rpiinfo.com/risk-insights
2026-05-05 12:29:50 | INFO | automation_framework.crawler.page_scanner:scan_page_components:31 | Scanning visible UI topology on page: https://catsentinel.rpiinfo.com/risk-insights
2026-05-05 12:29:50 | INFO | automation_framework.crawler.section_detector:detect_sections:102 | Detecting logical page sections on page: https://catsentinel.rpiinfo.com/risk-insights
2026-05-05 12:29:50 | INFO | automation_framework.crawler.section_detector:detect_sections:147 | Detected 0 logical page sections
2026-05-05 12:29:50 | INFO | automation_framework.crawler.crawler_engine:crawl:65 | Exploring feature route: https://catsentinel.rpiinfo.com/command-center
2026-05-05 12:29:56 | WARNING | automation_framework.crawler.crawler_engine:_navigate:102 | Network idle timeout while loading route: https://catsentinel.rpiinfo.com/command-center
2026-05-05 12:29:56 | INFO | automation_framework.crawler.ui_wait_engine:wait_for_ui_stability:25 | Waiting for UI stability on page: https://catsentinel.rpiinfo.com/command-center
2026-05-05 12:29:57 | INFO | automation_framework.crawler.page_scanner:scan_page_components:31 | Scanning visible UI topology on page: https://catsentinel.rpiinfo.com/command-center
2026-05-05 12:29:57 | INFO | automation_framework.crawler.section_detector:detect_sections:102 | Detecting logical page sections on page: https://catsentinel.rpiinfo.com/command-center
2026-05-05 12:29:57 | INFO | automation_framework.crawler.section_detector:detect_sections:147 | Detected 1 logical page sections
2026-05-05 12:33:19 | INFO | automation_framework.crawler.interaction_recorder:record_manual_interactions:15 | Manual interaction recorder started
2026-05-05 12:41:59 | INFO | automation_framework.crawler.interaction_recorder:record_manual_interactions:65 | Manual interaction recorder captured 0 interactions
2026-05-05 12:41:59 | INFO | automation_framework.crawler.crawl_exporter:export_crawl_results:34 | Crawl results exported to C:\Users\DeepakRaj\OneDrive - PiOne Technologies LLP\Documents\2026_auto_test\automation_framework\reports\crawl_results.json and C:\Users\DeepakRaj\OneDrive - PiOne Technologies LLP\Documents\2026_auto_test\automation_framework\reports\crawl_results.yaml
2026-05-05 12:41:59 | INFO | __main__:main:69 | Crawler execution completed
2026-05-05 12:42:00 | INFO | __main__:main:90 | Browser shutdown
