2026-05-07 16:42:45 | INFO | api.services.crawler_service:run_scan:41 | [API] Scan started | run_id=run_20260507_164245 | url=https://catsentinel.pionedata.com
2026-05-07 16:42:46 | INFO | api.services.crawler_service:run_scan:55 | [API] Logging in | user=superadmin@pionedata.com
2026-05-07 16:42:46 | INFO | automation_framework.crawler.login_handler:login:71 | [login] Navigating to https://catsentinel.pionedata.com
2026-05-07 16:42:48 | INFO | automation_framework.crawler.login_handler:login:77 | [login] Username field selector: input[type="email"]
2026-05-07 16:42:48 | INFO | automation_framework.crawler.login_handler:login:80 | [login] Password field selector: input[type="password"]
2026-05-07 16:42:48 | INFO | automation_framework.crawler.login_handler:login:83 | [login] Submit button selector: form button[type='submit']
2026-05-07 16:42:48 | INFO | automation_framework.crawler.login_handler:login:85 | [login] Filling credentials
2026-05-07 16:42:48 | INFO | automation_framework.crawler.login_handler:login:90 | [login] Submitting form
2026-05-07 16:42:51 | INFO | automation_framework.crawler.login_handler:login:96 | [login] Login successful — current URL: https://catsentinel.pionedata.com/live-events
2026-05-07 16:42:51 | INFO | api.services.crawler_service:run_scan:61 | [API] Login successful
2026-05-07 16:42:51 | INFO | automation_framework.crawler.navigation_expander:ensure_navigation_expanded:25 | Sidebar navigation not detected
2026-05-07 16:42:51 | INFO | api.services.crawler_service:run_scan:76 | [API] Crawler started
2026-05-07 16:42:51 | INFO | automation_framework.crawler.ui_wait_engine:wait_for_ui_stability:36 | Waiting for UI stability on page: https://catsentinel.pionedata.com/live-events
2026-05-07 16:42:52 | INFO | automation_framework.crawler.crawler_engine:_scan_route:215 | Scanning route: https://catsentinel.pionedata.com/live-events (menu: ABC Insurance)
2026-05-07 16:42:57 | INFO | automation_framework.engine.ui_intelligence_engine:build_ui_intelligence:250 | Building UI intelligence for route: https://catsentinel.pionedata.com/live-events
2026-05-07 16:42:57 | INFO | automation_framework.crawler.crawler_engine:_scan_route:254 | Scan complete: https://catsentinel.pionedata.com/live-events | 11 targets | 4.81s
2026-05-07 16:42:57 | INFO | automation_framework.crawler.crawler_engine:crawl:82 | Discovered 16 menu items to explore
2026-05-07 16:42:57 | INFO | automation_framework.crawler.crawler_engine:_visit_menu_item:151 | Skipping already-visited menu route: Live Events (https://catsentinel.pionedata.com/live-events)
2026-05-07 16:42:57 | INFO | automation_framework.crawler.crawler_engine:_visit_menu_item:154 | Visiting menu: CAT History -> https://catsentinel.pionedata.com/cat-history
2026-05-07 16:42:57 | INFO | automation_framework.crawler.ui_wait_engine:wait_for_ui_stability:36 | Waiting for UI stability on page: https://catsentinel.pionedata.com/cat-history
2026-05-07 16:42:57 | INFO | automation_framework.crawler.crawler_engine:_scan_route:215 | Scanning route: https://catsentinel.pionedata.com/cat-history (menu: CAT History)
2026-05-07 16:43:04 | INFO | automation_framework.engine.ui_intelligence_engine:build_ui_intelligence:250 | Building UI intelligence for route: https://catsentinel.pionedata.com/cat-history
2026-05-07 16:43:05 | INFO | automation_framework.crawler.crawler_engine:_scan_route:254 | Scan complete: https://catsentinel.pionedata.com/cat-history | 5 targets | 7.16s
2026-05-07 16:43:05 | INFO | automation_framework.crawler.crawler_engine:_visit_menu_item:154 | Visiting menu: Risk Map -> https://catsentinel.pionedata.com/risk-map
2026-05-07 16:43:05 | INFO | automation_framework.crawler.ui_wait_engine:wait_for_ui_stability:36 | Waiting for UI stability on page: https://catsentinel.pionedata.com/risk-map
2026-05-07 16:43:05 | INFO | automation_framework.crawler.crawler_engine:_scan_route:215 | Scanning route: https://catsentinel.pionedata.com/risk-map (menu: Risk Map)
2026-05-07 16:43:12 | INFO | automation_framework.engine.ui_intelligence_engine:build_ui_intelligence:250 | Building UI intelligence for route: https://catsentinel.pionedata.com/risk-map
2026-05-07 16:43:12 | INFO | automation_framework.crawler.crawler_engine:_scan_route:230 | Empty scan on https://catsentinel.pionedata.com/risk-map, retrying after domcontentloaded
2026-05-07 16:43:12 | INFO | automation_framework.engine.ui_intelligence_engine:build_ui_intelligence:250 | Building UI intelligence for route: https://catsentinel.pionedata.com/risk-map
2026-05-07 16:43:13 | WARNING | automation_framework.crawler.crawler_engine:_scan_route:242 | low confidence scan: no automation targets detected on https://catsentinel.pionedata.com/risk-map
2026-05-07 16:43:13 | INFO | automation_framework.crawler.crawler_engine:_scan_route:254 | Scan complete: https://catsentinel.pionedata.com/risk-map | 0 targets | 7.30s
2026-05-07 16:43:13 | INFO | automation_framework.crawler.crawler_engine:_visit_menu_item:154 | Visiting menu: Action Queue -> https://catsentinel.pionedata.com/action-queue-module
2026-05-07 16:43:13 | INFO | automation_framework.crawler.ui_wait_engine:wait_for_ui_stability:36 | Waiting for UI stability on page: https://catsentinel.pionedata.com/action-queue-module
2026-05-07 16:43:15 | WARNING | automation_framework.crawler.ui_wait_engine:_wait_for_loaders_to_disappear:57 | Loader timeout during UI stabilization
2026-05-07 16:43:15 | INFO | automation_framework.crawler.crawler_engine:_scan_route:215 | Scanning route: https://catsentinel.pionedata.com/action-queue-module (menu: Action Queue)
2026-05-07 16:43:19 | INFO | automation_framework.engine.ui_intelligence_engine:build_ui_intelligence:250 | Building UI intelligence for route: https://catsentinel.pionedata.com/action-queue-module
2026-05-07 16:43:20 | INFO | automation_framework.crawler.crawler_engine:_scan_route:254 | Scan complete: https://catsentinel.pionedata.com/action-queue-module | 3 targets | 4.66s
2026-05-07 16:43:20 | INFO | automation_framework.crawler.crawler_engine:_visit_menu_item:154 | Visiting menu: Microsites -> https://catsentinel.pionedata.com/micro-sites
2026-05-07 16:43:20 | INFO | automation_framework.crawler.ui_wait_engine:wait_for_ui_stability:36 | Waiting for UI stability on page: https://catsentinel.pionedata.com/micro-sites
2026-05-07 16:43:20 | INFO | automation_framework.crawler.crawler_engine:_scan_route:215 | Scanning route: https://catsentinel.pionedata.com/micro-sites (menu: Microsites)
2026-05-07 16:43:24 | INFO | automation_framework.engine.ui_intelligence_engine:build_ui_intelligence:250 | Building UI intelligence for route: https://catsentinel.pionedata.com/micro-sites
2026-05-07 16:43:25 | INFO | automation_framework.crawler.crawler_engine:_scan_route:254 | Scan complete: https://catsentinel.pionedata.com/micro-sites | 14 targets | 4.62s
2026-05-07 16:43:25 | INFO | automation_framework.crawler.crawler_engine:_visit_menu_item:154 | Visiting menu: CAT Event Book -> https://catsentinel.pionedata.com/event-book
2026-05-07 16:43:25 | INFO | automation_framework.crawler.ui_wait_engine:wait_for_ui_stability:36 | Waiting for UI stability on page: https://catsentinel.pionedata.com/event-book
2026-05-07 16:43:25 | INFO | automation_framework.crawler.crawler_engine:_scan_route:215 | Scanning route: https://catsentinel.pionedata.com/event-book (menu: CAT Event Book)
2026-05-07 16:43:35 | INFO | automation_framework.engine.ui_intelligence_engine:build_ui_intelligence:250 | Building UI intelligence for route: https://catsentinel.pionedata.com/event-book
2026-05-07 16:43:35 | INFO | automation_framework.crawler.crawler_engine:_scan_route:254 | Scan complete: https://catsentinel.pionedata.com/event-book | 1 targets | 9.62s
2026-05-07 16:43:35 | INFO | automation_framework.crawler.crawler_engine:_visit_menu_item:154 | Visiting menu: Knowledge Base -> https://catsentinel.pionedata.com/knowledge-base
2026-05-07 16:43:37 | INFO | automation_framework.crawler.ui_wait_engine:wait_for_ui_stability:36 | Waiting for UI stability on page: https://catsentinel.pionedata.com/event-book
2026-05-07 16:43:37 | INFO | automation_framework.crawler.crawler_engine:_scan_route:207 | Route already scanned, skipping: https://catsentinel.pionedata.com/event-book
2026-05-07 16:43:37 | INFO | automation_framework.crawler.crawler_engine:_visit_menu_item:154 | Visiting menu: Policyholder Risk Profile -> https://catsentinel.pionedata.com/policyholder-risk
2026-05-07 16:43:37 | INFO | automation_framework.crawler.ui_wait_engine:wait_for_ui_stability:36 | Waiting for UI stability on page: https://catsentinel.pionedata.com/policyholder-risk
2026-05-07 16:43:37 | INFO | automation_framework.crawler.crawler_engine:_scan_route:215 | Scanning route: https://catsentinel.pionedata.com/policyholder-risk (menu: Policyholder Risk Profile)
2026-05-07 16:43:42 | INFO | automation_framework.engine.ui_intelligence_engine:build_ui_intelligence:250 | Building UI intelligence for route: https://catsentinel.pionedata.com/policyholder-risk
2026-05-07 16:43:42 | INFO | automation_framework.crawler.crawler_engine:_scan_route:254 | Scan complete: https://catsentinel.pionedata.com/policyholder-risk | 1 targets | 4.59s
2026-05-07 16:43:42 | INFO | automation_framework.crawler.crawler_engine:_visit_menu_item:154 | Visiting menu: User -> https://catsentinel.pionedata.com/user
2026-05-07 16:43:42 | INFO | automation_framework.crawler.ui_wait_engine:wait_for_ui_stability:36 | Waiting for UI stability on page: https://catsentinel.pionedata.com/user
2026-05-07 16:43:42 | INFO | automation_framework.crawler.crawler_engine:_scan_route:215 | Scanning route: https://catsentinel.pionedata.com/user (menu: User)
2026-05-07 16:43:47 | INFO | automation_framework.engine.ui_intelligence_engine:build_ui_intelligence:250 | Building UI intelligence for route: https://catsentinel.pionedata.com/user
2026-05-07 16:43:47 | INFO | automation_framework.crawler.crawler_engine:_scan_route:254 | Scan complete: https://catsentinel.pionedata.com/user | 2 targets | 4.59s
2026-05-07 16:43:47 | INFO | automation_framework.crawler.crawler_engine:_visit_menu_item:154 | Visiting menu: Geo Spatial -> https://catsentinel.pionedata.com/geo-spatial
2026-05-07 16:43:47 | INFO | automation_framework.crawler.ui_wait_engine:wait_for_ui_stability:36 | Waiting for UI stability on page: https://catsentinel.pionedata.com/geo-spatial
2026-05-07 16:43:47 | INFO | automation_framework.crawler.crawler_engine:_scan_route:215 | Scanning route: https://catsentinel.pionedata.com/geo-spatial (menu: Geo Spatial)
2026-05-07 16:43:54 | INFO | automation_framework.engine.ui_intelligence_engine:build_ui_intelligence:250 | Building UI intelligence for route: https://catsentinel.pionedata.com/geo-spatial
2026-05-07 16:43:54 | INFO | automation_framework.crawler.crawler_engine:_scan_route:254 | Scan complete: https://catsentinel.pionedata.com/geo-spatial | 1 targets | 7.14s
2026-05-07 16:43:54 | INFO | automation_framework.crawler.crawler_engine:_visit_menu_item:154 | Visiting menu: Risk Analyzer -> https://catsentinel.pionedata.com/alert-event-monitor
2026-05-07 16:43:54 | INFO | automation_framework.crawler.ui_wait_engine:wait_for_ui_stability:36 | Waiting for UI stability on page: https://catsentinel.pionedata.com/alert-event-monitor
2026-05-07 16:43:55 | INFO | automation_framework.crawler.crawler_engine:_scan_route:215 | Scanning route: https://catsentinel.pionedata.com/alert-event-monitor (menu: Risk Analyzer)
2026-05-07 16:44:02 | INFO | automation_framework.engine.ui_intelligence_engine:build_ui_intelligence:250 | Building UI intelligence for route: https://catsentinel.pionedata.com/alert-event-monitor
2026-05-07 16:44:02 | INFO | automation_framework.crawler.crawler_engine:_scan_route:230 | Empty scan on https://catsentinel.pionedata.com/alert-event-monitor, retrying after domcontentloaded
2026-05-07 16:44:02 | INFO | automation_framework.engine.ui_intelligence_engine:build_ui_intelligence:250 | Building UI intelligence for route: https://catsentinel.pionedata.com/alert-event-monitor
2026-05-07 16:44:02 | WARNING | automation_framework.crawler.crawler_engine:_scan_route:242 | low confidence scan: no automation targets detected on https://catsentinel.pionedata.com/alert-event-monitor
2026-05-07 16:44:02 | INFO | automation_framework.crawler.crawler_engine:_scan_route:254 | Scan complete: https://catsentinel.pionedata.com/alert-event-monitor | 0 targets | 7.28s
2026-05-07 16:44:02 | INFO | automation_framework.crawler.crawler_engine:_visit_menu_item:154 | Visiting menu: CAT Synapse -> https://catsentinel.pionedata.com/prompt-master
2026-05-07 16:44:02 | INFO | automation_framework.crawler.ui_wait_engine:wait_for_ui_stability:36 | Waiting for UI stability on page: https://catsentinel.pionedata.com/prompt-master
2026-05-07 16:44:02 | INFO | automation_framework.crawler.crawler_engine:_scan_route:215 | Scanning route: https://catsentinel.pionedata.com/prompt-master (menu: CAT Synapse)
2026-05-07 16:44:09 | INFO | automation_framework.engine.ui_intelligence_engine:build_ui_intelligence:250 | Building UI intelligence for route: https://catsentinel.pionedata.com/prompt-master
2026-05-07 16:44:10 | INFO | automation_framework.crawler.crawler_engine:_scan_route:230 | Empty scan on https://catsentinel.pionedata.com/prompt-master, retrying after domcontentloaded
2026-05-07 16:44:10 | INFO | automation_framework.engine.ui_intelligence_engine:build_ui_intelligence:250 | Building UI intelligence for route: https://catsentinel.pionedata.com/prompt-master
2026-05-07 16:44:10 | WARNING | automation_framework.crawler.crawler_engine:_scan_route:242 | low confidence scan: no automation targets detected on https://catsentinel.pionedata.com/prompt-master
2026-05-07 16:44:10 | INFO | automation_framework.crawler.crawler_engine:_scan_route:254 | Scan complete: https://catsentinel.pionedata.com/prompt-master | 0 targets | 7.33s
2026-05-07 16:44:10 | INFO | automation_framework.crawler.crawler_engine:_visit_menu_item:154 | Visiting menu: CheckList Templates -> https://catsentinel.pionedata.com/template/checklist
2026-05-07 16:44:10 | INFO | automation_framework.crawler.ui_wait_engine:wait_for_ui_stability:36 | Waiting for UI stability on page: https://catsentinel.pionedata.com/template/checklist
2026-05-07 16:44:10 | INFO | automation_framework.crawler.crawler_engine:_scan_route:215 | Scanning route: https://catsentinel.pionedata.com/template/checklist (menu: CheckList Templates)
2026-05-07 16:44:17 | INFO | automation_framework.engine.ui_intelligence_engine:build_ui_intelligence:250 | Building UI intelligence for route: https://catsentinel.pionedata.com/template/checklist
2026-05-07 16:44:17 | INFO | automation_framework.crawler.crawler_engine:_scan_route:254 | Scan complete: https://catsentinel.pionedata.com/template/checklist | 1 targets | 7.09s
2026-05-07 16:44:17 | INFO | automation_framework.crawler.crawler_engine:_visit_menu_item:154 | Visiting menu: Risk Insights -> https://catsentinel.pionedata.com/risk-insights
2026-05-07 16:44:17 | INFO | automation_framework.crawler.ui_wait_engine:wait_for_ui_stability:36 | Waiting for UI stability on page: https://catsentinel.pionedata.com/risk-insights
2026-05-07 16:44:17 | INFO | automation_framework.crawler.crawler_engine:_scan_route:215 | Scanning route: https://catsentinel.pionedata.com/risk-insights (menu: Risk Insights)
2026-05-07 16:44:35 | INFO | automation_framework.engine.ui_intelligence_engine:build_ui_intelligence:250 | Building UI intelligence for route: https://catsentinel.pionedata.com/risk-insights
2026-05-07 16:44:35 | INFO | automation_framework.crawler.crawler_engine:_scan_route:230 | Empty scan on https://catsentinel.pionedata.com/risk-insights, retrying after domcontentloaded
2026-05-07 16:44:35 | INFO | automation_framework.engine.ui_intelligence_engine:build_ui_intelligence:250 | Building UI intelligence for route: https://catsentinel.pionedata.com/risk-insights
2026-05-07 16:44:35 | WARNING | automation_framework.crawler.crawler_engine:_scan_route:242 | low confidence scan: no automation targets detected on https://catsentinel.pionedata.com/risk-insights
2026-05-07 16:44:35 | INFO | automation_framework.crawler.crawler_engine:_scan_route:254 | Scan complete: https://catsentinel.pionedata.com/risk-insights | 0 targets | 17.73s
2026-05-07 16:44:35 | INFO | automation_framework.crawler.crawler_engine:_visit_menu_item:154 | Visiting menu: Command Center -> https://catsentinel.pionedata.com/command-center
2026-05-07 16:44:39 | WARNING | automation_framework.crawler.crawler_engine:_click_menu_item:197 | Network idle timeout after clicking menu: Command Center
2026-05-07 16:44:39 | INFO | automation_framework.crawler.ui_wait_engine:wait_for_ui_stability:36 | Waiting for UI stability on page: https://catsentinel.pionedata.com/command-center
2026-05-07 16:44:43 | WARNING | automation_framework.crawler.ui_wait_engine:_wait_for_network_idle:47 | Network idle timeout during UI stabilization
2026-05-07 16:44:43 | INFO | automation_framework.crawler.crawler_engine:_scan_route:215 | Scanning route: https://catsentinel.pionedata.com/command-center (menu: Command Center)
2026-05-07 16:45:01 | INFO | automation_framework.engine.ui_intelligence_engine:build_ui_intelligence:250 | Building UI intelligence for route: https://catsentinel.pionedata.com/command-center
2026-05-07 16:45:01 | INFO | automation_framework.crawler.crawler_engine:_scan_route:254 | Scan complete: https://catsentinel.pionedata.com/command-center | 1 targets | 17.61s
2026-05-07 16:45:01 | INFO | automation_framework.crawler.crawler_engine:_visit_menu_item:154 | Visiting menu: Contact Support -> (click)
2026-05-07 16:45:01 | INFO | automation_framework.crawler.ui_wait_engine:wait_for_ui_stability:36 | Waiting for UI stability on page: https://catsentinel.pionedata.com/command-center
2026-05-07 16:45:05 | WARNING | automation_framework.crawler.ui_wait_engine:_wait_for_network_idle:47 | Network idle timeout during UI stabilization
2026-05-07 16:45:05 | INFO | automation_framework.crawler.crawler_engine:_scan_route:207 | Route already scanned, skipping: https://catsentinel.pionedata.com/command-center
2026-05-07 16:45:05 | INFO | api.services.crawler_service:run_scan:98 | [API] Scan completed successfully
2026-05-07 16:45:05 | INFO | api.services.crawler_service:run_scan:99 | [API] Total routes scanned: 14
2026-05-07 16:45:05 | INFO | api.services.crawler_service:run_scan:100 | [API] Duration: 140.27s
