2026-05-07 15:24:04 | INFO | api.services.crawler_service:run_scan:35 | [API] Scan started | run_id=run_20260507_152404 | url=https://catsentinel.pionedata.com
2026-05-07 15:24:05 | INFO | api.services.crawler_service:run_scan:46 | [API] Logging in | user=superadmin@pionedata.com
2026-05-07 15:24:05 | INFO | automation_framework.crawler.login_handler:login:71 | [login] Navigating to https://catsentinel.pionedata.com
2026-05-07 15:24:06 | INFO | automation_framework.crawler.login_handler:login:77 | [login] Username field selector: input[type="email"]
2026-05-07 15:24:06 | INFO | automation_framework.crawler.login_handler:login:80 | [login] Password field selector: input[type="password"]
2026-05-07 15:24:06 | INFO | automation_framework.crawler.login_handler:login:83 | [login] Submit button selector: form button[type='submit']
2026-05-07 15:24:06 | INFO | automation_framework.crawler.login_handler:login:85 | [login] Filling credentials
2026-05-07 15:24:07 | INFO | automation_framework.crawler.login_handler:login:90 | [login] Submitting form
2026-05-07 15:24:14 | INFO | automation_framework.crawler.login_handler:login:96 | [login] Login successful — current URL: https://catsentinel.pionedata.com/live-events
2026-05-07 15:24:14 | INFO | api.services.crawler_service:run_scan:50 | [API] Login successful
2026-05-07 15:24:14 | INFO | automation_framework.crawler.navigation_expander:ensure_navigation_expanded:25 | Sidebar navigation not detected
2026-05-07 15:24:14 | INFO | api.services.crawler_service:run_scan:64 | [API] Crawler started
2026-05-07 15:24:14 | INFO | automation_framework.crawler.ui_wait_engine:wait_for_ui_stability:36 | Waiting for UI stability on page: https://catsentinel.pionedata.com/live-events
2026-05-07 15:24:15 | INFO | automation_framework.crawler.crawler_engine:_scan_route:211 | Scanning route: https://catsentinel.pionedata.com/live-events (menu: live-events)
2026-05-07 15:24:15 | INFO | automation_framework.engine.ui_intelligence_engine:build_ui_intelligence:250 | Building UI intelligence for route: https://catsentinel.pionedata.com/live-events
2026-05-07 15:24:15 | INFO | automation_framework.crawler.crawler_engine:_scan_route:240 | Route scan done: https://catsentinel.pionedata.com/live-events | 11 targets | 0.16s
2026-05-07 15:24:15 | INFO | automation_framework.crawler.crawler_engine:crawl:78 | Discovered 16 menu items to explore
2026-05-07 15:24:15 | INFO | automation_framework.crawler.crawler_engine:_visit_menu_item:147 | Skipping already-visited menu route: Live Events (https://catsentinel.pionedata.com/live-events)
2026-05-07 15:24:15 | INFO | automation_framework.crawler.crawler_engine:_visit_menu_item:150 | Visiting menu: CAT History -> https://catsentinel.pionedata.com/cat-history
2026-05-07 15:24:16 | INFO | automation_framework.crawler.ui_wait_engine:wait_for_ui_stability:36 | Waiting for UI stability on page: https://catsentinel.pionedata.com/cat-history
2026-05-07 15:24:16 | INFO | automation_framework.crawler.crawler_engine:_scan_route:211 | Scanning route: https://catsentinel.pionedata.com/cat-history (menu: CAT History)
2026-05-07 15:24:16 | INFO | automation_framework.engine.ui_intelligence_engine:build_ui_intelligence:250 | Building UI intelligence for route: https://catsentinel.pionedata.com/cat-history
2026-05-07 15:24:16 | INFO | automation_framework.crawler.crawler_engine:_scan_route:223 | Empty scan on https://catsentinel.pionedata.com/cat-history, retrying after domcontentloaded
2026-05-07 15:24:16 | INFO | automation_framework.engine.ui_intelligence_engine:build_ui_intelligence:250 | Building UI intelligence for route: https://catsentinel.pionedata.com/cat-history
2026-05-07 15:24:16 | INFO | automation_framework.crawler.crawler_engine:_scan_route:240 | Route scan done: https://catsentinel.pionedata.com/cat-history | 5 targets | 0.28s
2026-05-07 15:24:16 | INFO | automation_framework.crawler.crawler_engine:_visit_menu_item:150 | Visiting menu: Risk Map -> https://catsentinel.pionedata.com/risk-map
2026-05-07 15:24:16 | INFO | automation_framework.crawler.ui_wait_engine:wait_for_ui_stability:36 | Waiting for UI stability on page: https://catsentinel.pionedata.com/risk-map
2026-05-07 15:24:17 | INFO | automation_framework.crawler.crawler_engine:_scan_route:211 | Scanning route: https://catsentinel.pionedata.com/risk-map (menu: Risk Map)
2026-05-07 15:24:17 | INFO | automation_framework.engine.ui_intelligence_engine:build_ui_intelligence:250 | Building UI intelligence for route: https://catsentinel.pionedata.com/risk-map
2026-05-07 15:24:17 | INFO | automation_framework.crawler.crawler_engine:_scan_route:223 | Empty scan on https://catsentinel.pionedata.com/risk-map, retrying after domcontentloaded
2026-05-07 15:24:17 | INFO | automation_framework.engine.ui_intelligence_engine:build_ui_intelligence:250 | Building UI intelligence for route: https://catsentinel.pionedata.com/risk-map
2026-05-07 15:24:17 | WARNING | automation_framework.crawler.crawler_engine:_scan_route:235 | low confidence scan: no automation targets detected on https://catsentinel.pionedata.com/risk-map
2026-05-07 15:24:17 | INFO | automation_framework.crawler.crawler_engine:_scan_route:240 | Route scan done: https://catsentinel.pionedata.com/risk-map | 0 targets | 0.72s
2026-05-07 15:24:17 | INFO | automation_framework.crawler.crawler_engine:_visit_menu_item:150 | Visiting menu: Action Queue -> https://catsentinel.pionedata.com/action-queue-module
2026-05-07 15:24:18 | INFO | automation_framework.crawler.ui_wait_engine:wait_for_ui_stability:36 | Waiting for UI stability on page: https://catsentinel.pionedata.com/action-queue-module
2026-05-07 15:24:20 | WARNING | automation_framework.crawler.ui_wait_engine:_wait_for_loaders_to_disappear:57 | Loader timeout during UI stabilization
2026-05-07 15:24:20 | INFO | automation_framework.crawler.crawler_engine:_scan_route:211 | Scanning route: https://catsentinel.pionedata.com/action-queue-module (menu: Action Queue)
2026-05-07 15:24:20 | INFO | automation_framework.engine.ui_intelligence_engine:build_ui_intelligence:250 | Building UI intelligence for route: https://catsentinel.pionedata.com/action-queue-module
2026-05-07 15:24:20 | INFO | automation_framework.crawler.crawler_engine:_scan_route:240 | Route scan done: https://catsentinel.pionedata.com/action-queue-module | 3 targets | 0.19s
2026-05-07 15:24:20 | INFO | automation_framework.crawler.crawler_engine:_visit_menu_item:150 | Visiting menu: Microsites -> https://catsentinel.pionedata.com/micro-sites
2026-05-07 15:24:20 | INFO | automation_framework.crawler.ui_wait_engine:wait_for_ui_stability:36 | Waiting for UI stability on page: https://catsentinel.pionedata.com/micro-sites
2026-05-07 15:24:20 | INFO | automation_framework.crawler.crawler_engine:_scan_route:211 | Scanning route: https://catsentinel.pionedata.com/micro-sites (menu: Microsites)
2026-05-07 15:24:20 | INFO | automation_framework.engine.ui_intelligence_engine:build_ui_intelligence:250 | Building UI intelligence for route: https://catsentinel.pionedata.com/micro-sites
2026-05-07 15:24:21 | INFO | automation_framework.crawler.crawler_engine:_scan_route:223 | Empty scan on https://catsentinel.pionedata.com/micro-sites, retrying after domcontentloaded
2026-05-07 15:24:21 | INFO | automation_framework.engine.ui_intelligence_engine:build_ui_intelligence:250 | Building UI intelligence for route: https://catsentinel.pionedata.com/micro-sites
2026-05-07 15:24:21 | WARNING | automation_framework.crawler.crawler_engine:_scan_route:235 | low confidence scan: no automation targets detected on https://catsentinel.pionedata.com/micro-sites
2026-05-07 15:24:21 | INFO | automation_framework.crawler.crawler_engine:_scan_route:240 | Route scan done: https://catsentinel.pionedata.com/micro-sites | 0 targets | 0.44s
2026-05-07 15:24:21 | INFO | automation_framework.crawler.crawler_engine:_visit_menu_item:150 | Visiting menu: CAT Event Book -> https://catsentinel.pionedata.com/event-book
2026-05-07 15:24:21 | INFO | automation_framework.crawler.ui_wait_engine:wait_for_ui_stability:36 | Waiting for UI stability on page: https://catsentinel.pionedata.com/event-book
2026-05-07 15:24:21 | INFO | automation_framework.crawler.crawler_engine:_scan_route:211 | Scanning route: https://catsentinel.pionedata.com/event-book (menu: CAT Event Book)
2026-05-07 15:24:21 | INFO | automation_framework.engine.ui_intelligence_engine:build_ui_intelligence:250 | Building UI intelligence for route: https://catsentinel.pionedata.com/event-book
2026-05-07 15:24:22 | INFO | automation_framework.crawler.crawler_engine:_scan_route:240 | Route scan done: https://catsentinel.pionedata.com/event-book | 1 targets | 0.14s
2026-05-07 15:24:22 | INFO | automation_framework.crawler.crawler_engine:_visit_menu_item:150 | Visiting menu: Knowledge Base -> https://catsentinel.pionedata.com/knowledge-base
2026-05-07 15:24:24 | INFO | automation_framework.crawler.ui_wait_engine:wait_for_ui_stability:36 | Waiting for UI stability on page: https://catsentinel.pionedata.com/event-book
2026-05-07 15:24:24 | INFO | automation_framework.crawler.crawler_engine:_scan_route:203 | Route already scanned, skipping: https://catsentinel.pionedata.com/event-book
2026-05-07 15:24:24 | INFO | automation_framework.crawler.crawler_engine:_visit_menu_item:150 | Visiting menu: Policyholder Risk Profile -> https://catsentinel.pionedata.com/policyholder-risk
2026-05-07 15:24:24 | INFO | automation_framework.crawler.ui_wait_engine:wait_for_ui_stability:36 | Waiting for UI stability on page: https://catsentinel.pionedata.com/policyholder-risk
2026-05-07 15:24:24 | INFO | automation_framework.crawler.crawler_engine:_scan_route:211 | Scanning route: https://catsentinel.pionedata.com/policyholder-risk (menu: Policyholder Risk Profile)
2026-05-07 15:24:24 | INFO | automation_framework.engine.ui_intelligence_engine:build_ui_intelligence:250 | Building UI intelligence for route: https://catsentinel.pionedata.com/policyholder-risk
2026-05-07 15:24:24 | INFO | automation_framework.crawler.crawler_engine:_scan_route:223 | Empty scan on https://catsentinel.pionedata.com/policyholder-risk, retrying after domcontentloaded
2026-05-07 15:24:24 | INFO | automation_framework.engine.ui_intelligence_engine:build_ui_intelligence:250 | Building UI intelligence for route: https://catsentinel.pionedata.com/policyholder-risk
2026-05-07 15:24:24 | WARNING | automation_framework.crawler.crawler_engine:_scan_route:235 | low confidence scan: no automation targets detected on https://catsentinel.pionedata.com/policyholder-risk
2026-05-07 15:24:24 | INFO | automation_framework.crawler.crawler_engine:_scan_route:240 | Route scan done: https://catsentinel.pionedata.com/policyholder-risk | 0 targets | 0.25s
2026-05-07 15:24:24 | INFO | automation_framework.crawler.crawler_engine:_visit_menu_item:150 | Visiting menu: User -> https://catsentinel.pionedata.com/user
2026-05-07 15:24:25 | INFO | automation_framework.crawler.ui_wait_engine:wait_for_ui_stability:36 | Waiting for UI stability on page: https://catsentinel.pionedata.com/user
2026-05-07 15:24:25 | INFO | automation_framework.crawler.crawler_engine:_scan_route:211 | Scanning route: https://catsentinel.pionedata.com/user (menu: User)
2026-05-07 15:24:25 | INFO | automation_framework.engine.ui_intelligence_engine:build_ui_intelligence:250 | Building UI intelligence for route: https://catsentinel.pionedata.com/user
2026-05-07 15:24:25 | INFO | automation_framework.crawler.crawler_engine:_scan_route:240 | Route scan done: https://catsentinel.pionedata.com/user | 2 targets | 0.12s
2026-05-07 15:24:25 | INFO | automation_framework.crawler.crawler_engine:_visit_menu_item:150 | Visiting menu: Geo Spatial -> https://catsentinel.pionedata.com/geo-spatial
2026-05-07 15:24:25 | INFO | automation_framework.crawler.ui_wait_engine:wait_for_ui_stability:36 | Waiting for UI stability on page: https://catsentinel.pionedata.com/geo-spatial
2026-05-07 15:24:25 | INFO | automation_framework.crawler.crawler_engine:_scan_route:211 | Scanning route: https://catsentinel.pionedata.com/geo-spatial (menu: Geo Spatial)
2026-05-07 15:24:25 | INFO | automation_framework.engine.ui_intelligence_engine:build_ui_intelligence:250 | Building UI intelligence for route: https://catsentinel.pionedata.com/geo-spatial
2026-05-07 15:24:25 | INFO | automation_framework.crawler.crawler_engine:_scan_route:240 | Route scan done: https://catsentinel.pionedata.com/geo-spatial | 1 targets | 0.12s
2026-05-07 15:24:25 | INFO | automation_framework.crawler.crawler_engine:_visit_menu_item:150 | Visiting menu: Risk Analyzer -> https://catsentinel.pionedata.com/alert-event-monitor
2026-05-07 15:24:26 | INFO | automation_framework.crawler.ui_wait_engine:wait_for_ui_stability:36 | Waiting for UI stability on page: https://catsentinel.pionedata.com/alert-event-monitor
2026-05-07 15:24:26 | INFO | automation_framework.crawler.crawler_engine:_scan_route:211 | Scanning route: https://catsentinel.pionedata.com/alert-event-monitor (menu: Risk Analyzer)
2026-05-07 15:24:26 | INFO | automation_framework.engine.ui_intelligence_engine:build_ui_intelligence:250 | Building UI intelligence for route: https://catsentinel.pionedata.com/alert-event-monitor
2026-05-07 15:24:26 | INFO | automation_framework.crawler.crawler_engine:_scan_route:223 | Empty scan on https://catsentinel.pionedata.com/alert-event-monitor, retrying after domcontentloaded
2026-05-07 15:24:26 | INFO | automation_framework.engine.ui_intelligence_engine:build_ui_intelligence:250 | Building UI intelligence for route: https://catsentinel.pionedata.com/alert-event-monitor
2026-05-07 15:24:26 | WARNING | automation_framework.crawler.crawler_engine:_scan_route:235 | low confidence scan: no automation targets detected on https://catsentinel.pionedata.com/alert-event-monitor
2026-05-07 15:24:26 | INFO | automation_framework.crawler.crawler_engine:_scan_route:240 | Route scan done: https://catsentinel.pionedata.com/alert-event-monitor | 0 targets | 0.28s
2026-05-07 15:24:26 | INFO | automation_framework.crawler.crawler_engine:_visit_menu_item:150 | Visiting menu: CAT Synapse -> https://catsentinel.pionedata.com/prompt-master
2026-05-07 15:24:26 | INFO | automation_framework.crawler.ui_wait_engine:wait_for_ui_stability:36 | Waiting for UI stability on page: https://catsentinel.pionedata.com/prompt-master
2026-05-07 15:24:26 | INFO | automation_framework.crawler.crawler_engine:_scan_route:211 | Scanning route: https://catsentinel.pionedata.com/prompt-master (menu: CAT Synapse)
2026-05-07 15:24:26 | INFO | automation_framework.engine.ui_intelligence_engine:build_ui_intelligence:250 | Building UI intelligence for route: https://catsentinel.pionedata.com/prompt-master
2026-05-07 15:24:27 | INFO | automation_framework.crawler.crawler_engine:_scan_route:223 | Empty scan on https://catsentinel.pionedata.com/prompt-master, retrying after domcontentloaded
2026-05-07 15:24:27 | INFO | automation_framework.engine.ui_intelligence_engine:build_ui_intelligence:250 | Building UI intelligence for route: https://catsentinel.pionedata.com/prompt-master
2026-05-07 15:24:27 | WARNING | automation_framework.crawler.crawler_engine:_scan_route:235 | low confidence scan: no automation targets detected on https://catsentinel.pionedata.com/prompt-master
2026-05-07 15:24:27 | INFO | automation_framework.crawler.crawler_engine:_scan_route:240 | Route scan done: https://catsentinel.pionedata.com/prompt-master | 0 targets | 0.45s
2026-05-07 15:24:27 | INFO | automation_framework.crawler.crawler_engine:_visit_menu_item:150 | Visiting menu: CheckList Templates -> https://catsentinel.pionedata.com/template/checklist
2026-05-07 15:24:27 | INFO | automation_framework.crawler.ui_wait_engine:wait_for_ui_stability:36 | Waiting for UI stability on page: https://catsentinel.pionedata.com/template/checklist
2026-05-07 15:24:27 | INFO | automation_framework.crawler.crawler_engine:_scan_route:211 | Scanning route: https://catsentinel.pionedata.com/template/checklist (menu: CheckList Templates)
2026-05-07 15:24:27 | INFO | automation_framework.engine.ui_intelligence_engine:build_ui_intelligence:250 | Building UI intelligence for route: https://catsentinel.pionedata.com/template/checklist
2026-05-07 15:24:27 | INFO | automation_framework.crawler.crawler_engine:_scan_route:240 | Route scan done: https://catsentinel.pionedata.com/template/checklist | 2 targets | 0.14s
2026-05-07 15:24:27 | INFO | automation_framework.crawler.crawler_engine:_visit_menu_item:150 | Visiting menu: Risk Insights -> https://catsentinel.pionedata.com/risk-insights
2026-05-07 15:24:28 | INFO | automation_framework.crawler.ui_wait_engine:wait_for_ui_stability:36 | Waiting for UI stability on page: https://catsentinel.pionedata.com/risk-insights
2026-05-07 15:24:28 | INFO | automation_framework.crawler.crawler_engine:_scan_route:211 | Scanning route: https://catsentinel.pionedata.com/risk-insights (menu: Risk Insights)
2026-05-07 15:24:28 | INFO | automation_framework.engine.ui_intelligence_engine:build_ui_intelligence:250 | Building UI intelligence for route: https://catsentinel.pionedata.com/risk-insights
2026-05-07 15:24:28 | INFO | automation_framework.crawler.crawler_engine:_scan_route:223 | Empty scan on https://catsentinel.pionedata.com/risk-insights, retrying after domcontentloaded
2026-05-07 15:24:28 | INFO | automation_framework.engine.ui_intelligence_engine:build_ui_intelligence:250 | Building UI intelligence for route: https://catsentinel.pionedata.com/risk-insights
2026-05-07 15:24:28 | WARNING | automation_framework.crawler.crawler_engine:_scan_route:235 | low confidence scan: no automation targets detected on https://catsentinel.pionedata.com/risk-insights
2026-05-07 15:24:28 | INFO | automation_framework.crawler.crawler_engine:_scan_route:240 | Route scan done: https://catsentinel.pionedata.com/risk-insights | 0 targets | 0.20s
2026-05-07 15:24:28 | INFO | automation_framework.crawler.crawler_engine:_visit_menu_item:150 | Visiting menu: Command Center -> https://catsentinel.pionedata.com/command-center
2026-05-07 15:24:32 | WARNING | automation_framework.crawler.crawler_engine:_click_menu_item:193 | Network idle timeout after clicking menu: Command Center
2026-05-07 15:24:32 | INFO | automation_framework.crawler.ui_wait_engine:wait_for_ui_stability:36 | Waiting for UI stability on page: https://catsentinel.pionedata.com/command-center
2026-05-07 15:24:36 | WARNING | automation_framework.crawler.ui_wait_engine:_wait_for_network_idle:47 | Network idle timeout during UI stabilization
2026-05-07 15:24:37 | INFO | automation_framework.crawler.crawler_engine:_scan_route:211 | Scanning route: https://catsentinel.pionedata.com/command-center (menu: Command Center)
2026-05-07 15:24:37 | INFO | automation_framework.engine.ui_intelligence_engine:build_ui_intelligence:250 | Building UI intelligence for route: https://catsentinel.pionedata.com/command-center
2026-05-07 15:24:37 | INFO | automation_framework.crawler.crawler_engine:_scan_route:240 | Route scan done: https://catsentinel.pionedata.com/command-center | 1 targets | 0.11s
2026-05-07 15:24:37 | INFO | automation_framework.crawler.crawler_engine:_visit_menu_item:150 | Visiting menu: Contact Support -> (click)
2026-05-07 15:24:37 | INFO | automation_framework.crawler.ui_wait_engine:wait_for_ui_stability:36 | Waiting for UI stability on page: https://catsentinel.pionedata.com/command-center
2026-05-07 15:24:41 | WARNING | automation_framework.crawler.ui_wait_engine:_wait_for_network_idle:47 | Network idle timeout during UI stabilization
2026-05-07 15:24:41 | INFO | automation_framework.crawler.crawler_engine:_scan_route:203 | Route already scanned, skipping: https://catsentinel.pionedata.com/command-center
2026-05-07 15:24:41 | INFO | api.services.crawler_service:run_scan:69 | [API] Scan complete | routes=14 | duration=37.19s
