2026-05-07 16:00:36 | INFO | api.services.crawler_service:run_scan:41 | [API] Scan started | run_id=run_20260507_160036 | url=https://catsentinel.pionedata.com
2026-05-07 16:00:37 | INFO | api.services.crawler_service:run_scan:55 | [API] Logging in | user=superadmin@pionedata.com
2026-05-07 16:00:37 | INFO | automation_framework.crawler.login_handler:login:71 | [login] Navigating to https://catsentinel.pionedata.com
2026-05-07 16:00:40 | INFO | automation_framework.crawler.login_handler:login:77 | [login] Username field selector: input[type="email"]
2026-05-07 16:00:40 | INFO | automation_framework.crawler.login_handler:login:80 | [login] Password field selector: input[type="password"]
2026-05-07 16:00:40 | INFO | automation_framework.crawler.login_handler:login:83 | [login] Submit button selector: form button[type='submit']
2026-05-07 16:00:40 | INFO | automation_framework.crawler.login_handler:login:85 | [login] Filling credentials
2026-05-07 16:00:41 | INFO | automation_framework.crawler.login_handler:login:90 | [login] Submitting form
2026-05-07 16:00:44 | INFO | automation_framework.crawler.login_handler:login:96 | [login] Login successful — current URL: https://catsentinel.pionedata.com/live-events
2026-05-07 16:00:44 | INFO | api.services.crawler_service:run_scan:61 | [API] Login successful
2026-05-07 16:00:44 | INFO | automation_framework.crawler.navigation_expander:ensure_navigation_expanded:25 | Sidebar navigation not detected
2026-05-07 16:00:44 | INFO | api.services.crawler_service:run_scan:76 | [API] Crawler started
2026-05-07 16:00:44 | INFO | automation_framework.crawler.ui_wait_engine:wait_for_ui_stability:36 | Waiting for UI stability on page: https://catsentinel.pionedata.com/live-events
2026-05-07 16:00:47 | INFO | automation_framework.crawler.crawler_engine:_scan_route:215 | Scanning route: https://catsentinel.pionedata.com/live-events (menu: ABC Insurance)
2026-05-07 16:00:52 | INFO | automation_framework.engine.ui_intelligence_engine:build_ui_intelligence:250 | Building UI intelligence for route: https://catsentinel.pionedata.com/live-events
2026-05-07 16:00:52 | INFO | automation_framework.crawler.crawler_engine:_scan_route:254 | Scan complete: https://catsentinel.pionedata.com/live-events | 11 targets | 4.70s
2026-05-07 16:00:52 | INFO | automation_framework.crawler.crawler_engine:crawl:82 | Discovered 16 menu items to explore
2026-05-07 16:00:52 | INFO | automation_framework.crawler.crawler_engine:_visit_menu_item:151 | Skipping already-visited menu route: Live Events (https://catsentinel.pionedata.com/live-events)
2026-05-07 16:00:52 | INFO | automation_framework.crawler.crawler_engine:_visit_menu_item:154 | Visiting menu: CAT History -> https://catsentinel.pionedata.com/cat-history
2026-05-07 16:00:54 | INFO | automation_framework.crawler.ui_wait_engine:wait_for_ui_stability:36 | Waiting for UI stability on page: https://catsentinel.pionedata.com/live-events
2026-05-07 16:00:54 | INFO | automation_framework.crawler.crawler_engine:_scan_route:207 | Route already scanned, skipping: https://catsentinel.pionedata.com/live-events
2026-05-07 16:00:54 | INFO | automation_framework.crawler.crawler_engine:_visit_menu_item:154 | Visiting menu: Risk Map -> https://catsentinel.pionedata.com/risk-map
2026-05-07 16:00:54 | INFO | automation_framework.crawler.ui_wait_engine:wait_for_ui_stability:36 | Waiting for UI stability on page: https://catsentinel.pionedata.com/risk-map
2026-05-07 16:00:55 | INFO | automation_framework.crawler.crawler_engine:_scan_route:215 | Scanning route: https://catsentinel.pionedata.com/risk-map (menu: Risk Map)
2026-05-07 16:01:02 | INFO | automation_framework.engine.ui_intelligence_engine:build_ui_intelligence:250 | Building UI intelligence for route: https://catsentinel.pionedata.com/risk-map
2026-05-07 16:01:02 | INFO | automation_framework.crawler.crawler_engine:_scan_route:230 | Empty scan on https://catsentinel.pionedata.com/risk-map, retrying after domcontentloaded
2026-05-07 16:01:02 | INFO | automation_framework.engine.ui_intelligence_engine:build_ui_intelligence:250 | Building UI intelligence for route: https://catsentinel.pionedata.com/risk-map
2026-05-07 16:01:02 | WARNING | automation_framework.crawler.crawler_engine:_scan_route:242 | low confidence scan: no automation targets detected on https://catsentinel.pionedata.com/risk-map
2026-05-07 16:01:02 | INFO | automation_framework.crawler.crawler_engine:_scan_route:254 | Scan complete: https://catsentinel.pionedata.com/risk-map | 0 targets | 7.25s
2026-05-07 16:01:02 | INFO | automation_framework.crawler.crawler_engine:_visit_menu_item:154 | Visiting menu: Action Queue -> https://catsentinel.pionedata.com/action-queue-module
2026-05-07 16:01:04 | INFO | automation_framework.crawler.ui_wait_engine:wait_for_ui_stability:36 | Waiting for UI stability on page: https://catsentinel.pionedata.com/risk-map
2026-05-07 16:01:04 | INFO | automation_framework.crawler.crawler_engine:_scan_route:207 | Route already scanned, skipping: https://catsentinel.pionedata.com/risk-map
2026-05-07 16:01:04 | INFO | automation_framework.crawler.crawler_engine:_visit_menu_item:154 | Visiting menu: Microsites -> https://catsentinel.pionedata.com/micro-sites
2026-05-07 16:01:07 | INFO | automation_framework.crawler.ui_wait_engine:wait_for_ui_stability:36 | Waiting for UI stability on page: https://catsentinel.pionedata.com/risk-map
2026-05-07 16:01:07 | INFO | automation_framework.crawler.crawler_engine:_scan_route:207 | Route already scanned, skipping: https://catsentinel.pionedata.com/risk-map
2026-05-07 16:01:07 | INFO | automation_framework.crawler.crawler_engine:_visit_menu_item:154 | Visiting menu: CAT Event Book -> https://catsentinel.pionedata.com/event-book
2026-05-07 16:01:07 | INFO | automation_framework.crawler.ui_wait_engine:wait_for_ui_stability:36 | Waiting for UI stability on page: https://catsentinel.pionedata.com/event-book
2026-05-07 16:01:07 | INFO | automation_framework.crawler.crawler_engine:_scan_route:215 | Scanning route: https://catsentinel.pionedata.com/event-book (menu: CAT Event Book)
2026-05-07 16:01:17 | INFO | automation_framework.engine.ui_intelligence_engine:build_ui_intelligence:250 | Building UI intelligence for route: https://catsentinel.pionedata.com/event-book
2026-05-07 16:01:17 | INFO | automation_framework.crawler.crawler_engine:_scan_route:254 | Scan complete: https://catsentinel.pionedata.com/event-book | 1 targets | 9.59s
2026-05-07 16:01:17 | INFO | automation_framework.crawler.crawler_engine:_visit_menu_item:154 | Visiting menu: Knowledge Base -> https://catsentinel.pionedata.com/knowledge-base
2026-05-07 16:01:19 | INFO | automation_framework.crawler.ui_wait_engine:wait_for_ui_stability:36 | Waiting for UI stability on page: https://catsentinel.pionedata.com/event-book
2026-05-07 16:01:19 | INFO | automation_framework.crawler.crawler_engine:_scan_route:207 | Route already scanned, skipping: https://catsentinel.pionedata.com/event-book
2026-05-07 16:01:19 | INFO | automation_framework.crawler.crawler_engine:_visit_menu_item:154 | Visiting menu: Policyholder Risk Profile -> https://catsentinel.pionedata.com/policyholder-risk
2026-05-07 16:01:19 | INFO | automation_framework.crawler.ui_wait_engine:wait_for_ui_stability:36 | Waiting for UI stability on page: https://catsentinel.pionedata.com/policyholder-risk
2026-05-07 16:01:19 | INFO | automation_framework.crawler.crawler_engine:_scan_route:215 | Scanning route: https://catsentinel.pionedata.com/policyholder-risk (menu: Policyholder Risk Profile)
2026-05-07 16:01:24 | INFO | automation_framework.engine.ui_intelligence_engine:build_ui_intelligence:250 | Building UI intelligence for route: https://catsentinel.pionedata.com/policyholder-risk
2026-05-07 16:01:24 | INFO | automation_framework.crawler.crawler_engine:_scan_route:254 | Scan complete: https://catsentinel.pionedata.com/policyholder-risk | 2 targets | 4.58s
2026-05-07 16:01:24 | INFO | automation_framework.crawler.crawler_engine:_visit_menu_item:154 | Visiting menu: User -> https://catsentinel.pionedata.com/user
2026-05-07 16:01:24 | INFO | automation_framework.crawler.ui_wait_engine:wait_for_ui_stability:36 | Waiting for UI stability on page: https://catsentinel.pionedata.com/user
2026-05-07 16:01:24 | INFO | automation_framework.crawler.crawler_engine:_scan_route:215 | Scanning route: https://catsentinel.pionedata.com/user (menu: User)
2026-05-07 16:01:29 | INFO | automation_framework.engine.ui_intelligence_engine:build_ui_intelligence:250 | Building UI intelligence for route: https://catsentinel.pionedata.com/user
2026-05-07 16:01:29 | INFO | automation_framework.crawler.crawler_engine:_scan_route:254 | Scan complete: https://catsentinel.pionedata.com/user | 2 targets | 4.58s
2026-05-07 16:01:29 | INFO | automation_framework.crawler.crawler_engine:_visit_menu_item:154 | Visiting menu: Geo Spatial -> https://catsentinel.pionedata.com/geo-spatial
2026-05-07 16:01:29 | INFO | automation_framework.crawler.ui_wait_engine:wait_for_ui_stability:36 | Waiting for UI stability on page: https://catsentinel.pionedata.com/geo-spatial
2026-05-07 16:01:29 | INFO | automation_framework.crawler.crawler_engine:_scan_route:215 | Scanning route: https://catsentinel.pionedata.com/geo-spatial (menu: Geo Spatial)
2026-05-07 16:01:36 | INFO | automation_framework.engine.ui_intelligence_engine:build_ui_intelligence:250 | Building UI intelligence for route: https://catsentinel.pionedata.com/geo-spatial
2026-05-07 16:01:36 | INFO | automation_framework.crawler.crawler_engine:_scan_route:254 | Scan complete: https://catsentinel.pionedata.com/geo-spatial | 1 targets | 7.06s
2026-05-07 16:01:36 | INFO | automation_framework.crawler.crawler_engine:_visit_menu_item:154 | Visiting menu: Risk Analyzer -> https://catsentinel.pionedata.com/alert-event-monitor
2026-05-07 16:01:36 | INFO | automation_framework.crawler.ui_wait_engine:wait_for_ui_stability:36 | Waiting for UI stability on page: https://catsentinel.pionedata.com/alert-event-monitor
2026-05-07 16:01:36 | INFO | automation_framework.crawler.crawler_engine:_scan_route:215 | Scanning route: https://catsentinel.pionedata.com/alert-event-monitor (menu: Risk Analyzer)
2026-05-07 16:01:43 | INFO | automation_framework.engine.ui_intelligence_engine:build_ui_intelligence:250 | Building UI intelligence for route: https://catsentinel.pionedata.com/alert-event-monitor
2026-05-07 16:01:44 | INFO | automation_framework.crawler.crawler_engine:_scan_route:230 | Empty scan on https://catsentinel.pionedata.com/alert-event-monitor, retrying after domcontentloaded
2026-05-07 16:01:44 | INFO | automation_framework.engine.ui_intelligence_engine:build_ui_intelligence:250 | Building UI intelligence for route: https://catsentinel.pionedata.com/alert-event-monitor
2026-05-07 16:01:44 | WARNING | automation_framework.crawler.crawler_engine:_scan_route:242 | low confidence scan: no automation targets detected on https://catsentinel.pionedata.com/alert-event-monitor
2026-05-07 16:01:44 | INFO | automation_framework.crawler.crawler_engine:_scan_route:254 | Scan complete: https://catsentinel.pionedata.com/alert-event-monitor | 0 targets | 7.17s
2026-05-07 16:01:44 | INFO | automation_framework.crawler.crawler_engine:_visit_menu_item:154 | Visiting menu: CAT Synapse -> https://catsentinel.pionedata.com/prompt-master
2026-05-07 16:01:44 | INFO | automation_framework.crawler.ui_wait_engine:wait_for_ui_stability:36 | Waiting for UI stability on page: https://catsentinel.pionedata.com/prompt-master
2026-05-07 16:01:44 | INFO | automation_framework.crawler.crawler_engine:_scan_route:215 | Scanning route: https://catsentinel.pionedata.com/prompt-master (menu: CAT Synapse)
2026-05-07 16:01:51 | INFO | automation_framework.engine.ui_intelligence_engine:build_ui_intelligence:250 | Building UI intelligence for route: https://catsentinel.pionedata.com/prompt-master
2026-05-07 16:01:51 | INFO | automation_framework.crawler.crawler_engine:_scan_route:230 | Empty scan on https://catsentinel.pionedata.com/prompt-master, retrying after domcontentloaded
2026-05-07 16:01:51 | INFO | automation_framework.engine.ui_intelligence_engine:build_ui_intelligence:250 | Building UI intelligence for route: https://catsentinel.pionedata.com/prompt-master
2026-05-07 16:01:51 | WARNING | automation_framework.crawler.crawler_engine:_scan_route:242 | low confidence scan: no automation targets detected on https://catsentinel.pionedata.com/prompt-master
2026-05-07 16:01:51 | INFO | automation_framework.crawler.crawler_engine:_scan_route:254 | Scan complete: https://catsentinel.pionedata.com/prompt-master | 0 targets | 7.12s
2026-05-07 16:01:51 | INFO | automation_framework.crawler.crawler_engine:_visit_menu_item:154 | Visiting menu: CheckList Templates -> https://catsentinel.pionedata.com/template/checklist
2026-05-07 16:01:51 | INFO | automation_framework.crawler.ui_wait_engine:wait_for_ui_stability:36 | Waiting for UI stability on page: https://catsentinel.pionedata.com/template/checklist
2026-05-07 16:01:52 | INFO | automation_framework.crawler.crawler_engine:_scan_route:215 | Scanning route: https://catsentinel.pionedata.com/template/checklist (menu: CheckList Templates)
2026-05-07 16:01:59 | INFO | automation_framework.engine.ui_intelligence_engine:build_ui_intelligence:250 | Building UI intelligence for route: https://catsentinel.pionedata.com/template/checklist
2026-05-07 16:01:59 | INFO | automation_framework.crawler.crawler_engine:_scan_route:254 | Scan complete: https://catsentinel.pionedata.com/template/checklist | 3 targets | 7.09s
2026-05-07 16:01:59 | INFO | automation_framework.crawler.crawler_engine:_visit_menu_item:154 | Visiting menu: Risk Insights -> https://catsentinel.pionedata.com/risk-insights
2026-05-07 16:01:59 | INFO | automation_framework.crawler.ui_wait_engine:wait_for_ui_stability:36 | Waiting for UI stability on page: https://catsentinel.pionedata.com/risk-insights
2026-05-07 16:01:59 | INFO | automation_framework.crawler.crawler_engine:_scan_route:215 | Scanning route: https://catsentinel.pionedata.com/risk-insights (menu: Risk Insights)
2026-05-07 16:02:16 | INFO | automation_framework.engine.ui_intelligence_engine:build_ui_intelligence:250 | Building UI intelligence for route: https://catsentinel.pionedata.com/risk-insights
2026-05-07 16:02:17 | INFO | automation_framework.crawler.crawler_engine:_scan_route:230 | Empty scan on https://catsentinel.pionedata.com/risk-insights, retrying after domcontentloaded
2026-05-07 16:02:17 | INFO | automation_framework.engine.ui_intelligence_engine:build_ui_intelligence:250 | Building UI intelligence for route: https://catsentinel.pionedata.com/risk-insights
2026-05-07 16:02:17 | WARNING | automation_framework.crawler.crawler_engine:_scan_route:242 | low confidence scan: no automation targets detected on https://catsentinel.pionedata.com/risk-insights
2026-05-07 16:02:17 | INFO | automation_framework.crawler.crawler_engine:_scan_route:254 | Scan complete: https://catsentinel.pionedata.com/risk-insights | 0 targets | 17.69s
2026-05-07 16:02:17 | INFO | automation_framework.crawler.crawler_engine:_visit_menu_item:154 | Visiting menu: Command Center -> https://catsentinel.pionedata.com/command-center
2026-05-07 16:02:21 | WARNING | automation_framework.crawler.crawler_engine:_click_menu_item:197 | Network idle timeout after clicking menu: Command Center
2026-05-07 16:02:21 | INFO | automation_framework.crawler.ui_wait_engine:wait_for_ui_stability:36 | Waiting for UI stability on page: https://catsentinel.pionedata.com/command-center
2026-05-07 16:02:25 | WARNING | automation_framework.crawler.ui_wait_engine:_wait_for_network_idle:47 | Network idle timeout during UI stabilization
2026-05-07 16:02:25 | INFO | automation_framework.crawler.crawler_engine:_scan_route:215 | Scanning route: https://catsentinel.pionedata.com/command-center (menu: Command Center)
2026-05-07 16:02:43 | INFO | automation_framework.engine.ui_intelligence_engine:build_ui_intelligence:250 | Building UI intelligence for route: https://catsentinel.pionedata.com/command-center
2026-05-07 16:02:43 | INFO | automation_framework.crawler.crawler_engine:_scan_route:254 | Scan complete: https://catsentinel.pionedata.com/command-center | 1 targets | 17.64s
2026-05-07 16:02:43 | INFO | automation_framework.crawler.crawler_engine:_visit_menu_item:154 | Visiting menu: Contact Support -> (click)
2026-05-07 16:02:43 | INFO | automation_framework.crawler.ui_wait_engine:wait_for_ui_stability:36 | Waiting for UI stability on page: https://catsentinel.pionedata.com/command-center
2026-05-07 16:02:47 | WARNING | automation_framework.crawler.ui_wait_engine:_wait_for_network_idle:47 | Network idle timeout during UI stabilization
2026-05-07 16:02:47 | INFO | automation_framework.crawler.crawler_engine:_scan_route:207 | Route already scanned, skipping: https://catsentinel.pionedata.com/command-center
2026-05-07 16:02:47 | INFO | api.services.crawler_service:run_scan:98 | [API] Scan completed successfully
2026-05-07 16:02:47 | INFO | api.services.crawler_service:run_scan:99 | [API] Total routes scanned: 11
2026-05-07 16:02:47 | INFO | api.services.crawler_service:run_scan:100 | [API] Duration: 131.25s
